06/05/2013 11:24:46 org.apache.solr.servlet.SolrDispatchFilter init
INFO: SolrDispatchFilter.init()
06/05/2013 11:24:46 org.apache.solr.core.SolrResourceLoader locateSolrHome
INFO: JNDI not configured for solr (NoInitialContextEx)
06/05/2013 11:24:46 org.apache.solr.core.SolrResourceLoader locateSolrHome
INFO: solr home defaulted to 'solr/' (could not find system property or JNDI)
06/05/2013 11:24:46 org.apache.solr.core.CoreContainer$Initializer initialize
INFO: looking for solr.xml: C:\Users\Carlos\Documents\GitHub\cgGuide\Solr.Pilots\solr-4.2.1\example\solr\solr.xml
06/05/2013 11:24:46 org.apache.solr.core.CoreContainer <init>
INFO: New CoreContainer 1859093149
06/05/2013 11:24:46 org.apache.solr.core.CoreContainer load
INFO: Loading CoreContainer using Solr Home: 'solr/'
06/05/2013 11:24:46 org.apache.solr.core.SolrResourceLoader <init>
INFO: new SolrResourceLoader for directory: 'solr/'
06/05/2013 11:24:46 org.apache.solr.handler.component.HttpShardHandlerFactory getParameter
INFO: Setting socketTimeout to: 0
06/05/2013 11:24:46 org.apache.solr.handler.component.HttpShardHandlerFactory getParameter
INFO: Setting urlScheme to: http://
06/05/2013 11:24:46 org.apache.solr.handler.component.HttpShardHandlerFactory getParameter
INFO: Setting connTimeout to: 0
06/05/2013 11:24:46 org.apache.solr.handler.component.HttpShardHandlerFactory getParameter
INFO: Setting maxConnectionsPerHost to: 20
06/05/2013 11:24:46 org.apache.solr.handler.component.HttpShardHandlerFactory getParameter
INFO: Setting corePoolSize to: 0
06/05/2013 11:24:46 org.apache.solr.handler.component.HttpShardHandlerFactory getParameter
INFO: Setting maximumPoolSize to: 2147483647
06/05/2013 11:24:46 org.apache.solr.handler.component.HttpShardHandlerFactory getParameter
INFO: Setting maxThreadIdleTime to: 5
06/05/2013 11:24:46 org.apache.solr.handler.component.HttpShardHandlerFactory getParameter
INFO: Setting sizeOfQueue to: -1
06/05/2013 11:24:46 org.apache.solr.handler.component.HttpShardHandlerFactory getParameter
INFO: Setting fairnessPolicy to: false
06/05/2013 11:24:46 org.apache.solr.client.solrj.impl.HttpClientUtil createClient
INFO: Creating new http client, config:maxConnectionsPerHost=20&maxConnections=10000&socketTimeout=0&connTimeout=0&retry=false
06/05/2013 11:24:47 org.apache.solr.core.CoreContainer load
INFO: Registering Log Listener
06/05/2013 11:24:47 org.apache.solr.core.CoreContainer create
INFO: Creating SolrCore 'cguide' using instanceDir: solr\cguide
06/05/2013 11:24:47 org.apache.solr.core.SolrResourceLoader <init>
INFO: new SolrResourceLoader for directory: 'solr\cguide\'
06/05/2013 11:24:47 org.apache.solr.core.SolrResourceLoader replaceClassLoader
INFO: Adding 'file:/C:/Users/Carlos/Documents/GitHub/cgGuide/Solr.Pilots/solr-4.2.1/example/solr/cguide/lib/solr-dataimporthandler-4.2.1.jar' to classloader
06/05/2013 11:24:47 org.apache.solr.core.SolrResourceLoader replaceClassLoader
INFO: Adding 'file:/C:/Users/Carlos/Documents/GitHub/cgGuide/Solr.Pilots/solr-4.2.1/example/solr/cguide/lib/solr-dataimporthandler-extras-4.2.1.jar' to classloader
06/05/2013 11:24:47 org.apache.solr.core.SolrResourceLoader replaceClassLoader
INFO: Adding 'file:/C:/Users/Carlos/Documents/GitHub/cgGuide/Solr.Pilots/solr-4.2.1/example/solr/cguide/lib/sqljdbc4.jar' to classloader
06/05/2013 11:24:47 org.apache.solr.core.SolrConfig initLibs
INFO: Adding specified lib dirs to ClassLoader
06/05/2013 11:24:47 org.apache.solr.core.SolrResourceLoader replaceClassLoader
INFO: Adding 'file:/C:/Users/Carlos/Documents/GitHub/cgGuide/Solr.Pilots/solr-4.2.1/contrib/extraction/lib/apache-mime4j-core-0.7.2.jar' to classloader
06/05/2013 11:24:47 org.apache.solr.core.SolrResourceLoader replaceClassLoader
INFO: Adding 'file:/C:/Users/Carlos/Documents/GitHub/cgGuide/Solr.Pilots/solr-4.2.1/contrib/extraction/lib/apache-mime4j-dom-0.7.2.jar' to classloader
06/05/2013 11:24:47 org.apache.solr.core.SolrResourceLoader replaceClassLoader
INFO: Adding 'file:/C:/Users/Carlos/Documents/GitHub/cgGuide/Solr.Pilots/solr-4.2.1/contrib/extraction/lib/bcmail-jdk15-1.45.jar' to classloader
06/05/2013 11:24:47 org.apache.solr.core.SolrResourceLoader replaceClassLoader
INFO: Adding 'file:/C:/Users/Carlos/Documents/GitHub/cgGuide/Solr.Pilots/solr-4.2.1/contrib/extraction/lib/bcprov-jdk15-1.45.jar' to classloader
06/05/2013 11:24:47 org.apache.solr.core.SolrResourceLoader replaceClassLoader
INFO: Adding 'file:/C:/Users/Carlos/Documents/GitHub/cgGuide/Solr.Pilots/solr-4.2.1/contrib/extraction/lib/boilerpipe-1.1.0.jar' to classloader
06/05/2013 11:24:47 org.apache.solr.core.SolrResourceLoader replaceClassLoader
INFO: Adding 'file:/C:/Users/Carlos/Documents/GitHub/cgGuide/Solr.Pilots/solr-4.2.1/contrib/extraction/lib/commons-compress-1.4.1.jar' to classloader
06/05/2013 11:24:47 org.apache.solr.core.SolrResourceLoader replaceClassLoader
INFO: Adding 'file:/C:/Users/Carlos/Documents/GitHub/cgGuide/Solr.Pilots/solr-4.2.1/contrib/extraction/lib/dom4j-1.6.1.jar' to classloader
06/05/2013 11:24:47 org.apache.solr.core.SolrResourceLoader replaceClassLoader
INFO: Adding 'file:/C:/Users/Carlos/Documents/GitHub/cgGuide/Solr.Pilots/solr-4.2.1/contrib/extraction/lib/fontbox-1.7.1.jar' to classloader
06/05/2013 11:24:47 org.apache.solr.core.SolrResourceLoader replaceClassLoader
INFO: Adding 'file:/C:/Users/Carlos/Documents/GitHub/cgGuide/Solr.Pilots/solr-4.2.1/contrib/extraction/lib/icu4j-49.1.jar' to classloader
06/05/2013 11:24:47 org.apache.solr.core.SolrResourceLoader replaceClassLoader
INFO: Adding 'file:/C:/Users/Carlos/Documents/GitHub/cgGuide/Solr.Pilots/solr-4.2.1/contrib/extraction/lib/isoparser-1.0-RC-1.jar' to classloader
06/05/2013 11:24:47 org.apache.solr.core.SolrResourceLoader replaceClassLoader
INFO: Adding 'file:/C:/Users/Carlos/Documents/GitHub/cgGuide/Solr.Pilots/solr-4.2.1/contrib/extraction/lib/jdom-1.0.jar' to classloader
06/05/2013 11:24:47 org.apache.solr.core.SolrResourceLoader replaceClassLoader
INFO: Adding 'file:/C:/Users/Carlos/Documents/GitHub/cgGuide/Solr.Pilots/solr-4.2.1/contrib/extraction/lib/jempbox-1.7.1.jar' to classloader
06/05/2013 11:24:47 org.apache.solr.core.SolrResourceLoader replaceClassLoader
INFO: Adding 'file:/C:/Users/Carlos/Documents/GitHub/cgGuide/Solr.Pilots/solr-4.2.1/contrib/extraction/lib/juniversalchardet-1.0.3.jar' to classloader
06/05/2013 11:24:47 org.apache.solr.core.SolrResourceLoader replaceClassLoader
INFO: Adding 'file:/C:/Users/Carlos/Documents/GitHub/cgGuide/Solr.Pilots/solr-4.2.1/contrib/extraction/lib/metadata-extractor-2.6.2.jar' to classloader
06/05/2013 11:24:47 org.apache.solr.core.SolrResourceLoader replaceClassLoader
INFO: Adding 'file:/C:/Users/Carlos/Documents/GitHub/cgGuide/Solr.Pilots/solr-4.2.1/contrib/extraction/lib/netcdf-4.2-min.jar' to classloader
06/05/2013 11:24:47 org.apache.solr.core.SolrResourceLoader replaceClassLoader
INFO: Adding 'file:/C:/Users/Carlos/Documents/GitHub/cgGuide/Solr.Pilots/solr-4.2.1/contrib/extraction/lib/pdfbox-1.7.1.jar' to classloader
06/05/2013 11:24:47 org.apache.solr.core.SolrResourceLoader replaceClassLoader
INFO: Adding 'file:/C:/Users/Carlos/Documents/GitHub/cgGuide/Solr.Pilots/solr-4.2.1/contrib/extraction/lib/poi-3.8.jar' to classloader
06/05/2013 11:24:47 org.apache.solr.core.SolrResourceLoader replaceClassLoader
INFO: Adding 'file:/C:/Users/Carlos/Documents/GitHub/cgGuide/Solr.Pilots/solr-4.2.1/contrib/extraction/lib/poi-ooxml-3.8.jar' to classloader
06/05/2013 11:24:47 org.apache.solr.core.SolrResourceLoader replaceClassLoader
INFO: Adding 'file:/C:/Users/Carlos/Documents/GitHub/cgGuide/Solr.Pilots/solr-4.2.1/contrib/extraction/lib/poi-ooxml-schemas-3.8.jar' to classloader
06/05/2013 11:24:47 org.apache.solr.core.SolrResourceLoader replaceClassLoader
INFO: Adding 'file:/C:/Users/Carlos/Documents/GitHub/cgGuide/Solr.Pilots/solr-4.2.1/contrib/extraction/lib/poi-scratchpad-3.8.jar' to classloader
06/05/2013 11:24:47 org.apache.solr.core.SolrResourceLoader replaceClassLoader
INFO: Adding 'file:/C:/Users/Carlos/Documents/GitHub/cgGuide/Solr.Pilots/solr-4.2.1/contrib/extraction/lib/rome-0.9.jar' to classloader
06/05/2013 11:24:47 org.apache.solr.core.SolrResourceLoader replaceClassLoader
INFO: Adding 'file:/C:/Users/Carlos/Documents/GitHub/cgGuide/Solr.Pilots/solr-4.2.1/contrib/extraction/lib/tagsoup-1.2.1.jar' to classloader
06/05/2013 11:24:47 org.apache.solr.core.SolrResourceLoader replaceClassLoader
INFO: Adding 'file:/C:/Users/Carlos/Documents/GitHub/cgGuide/Solr.Pilots/solr-4.2.1/contrib/extraction/lib/tika-core-1.3.jar' to classloader
06/05/2013 11:24:47 org.apache.solr.core.SolrResourceLoader replaceClassLoader
INFO: Adding 'file:/C:/Users/Carlos/Documents/GitHub/cgGuide/Solr.Pilots/solr-4.2.1/contrib/extraction/lib/tika-parsers-1.3.jar' to classloader
06/05/2013 11:24:47 org.apache.solr.core.SolrResourceLoader replaceClassLoader
INFO: Adding 'file:/C:/Users/Carlos/Documents/GitHub/cgGuide/Solr.Pilots/solr-4.2.1/contrib/extraction/lib/vorbis-java-core-0.1.jar' to classloader
06/05/2013 11:24:47 org.apache.solr.core.SolrResourceLoader replaceClassLoader
INFO: Adding 'file:/C:/Users/Carlos/Documents/GitHub/cgGuide/Solr.Pilots/solr-4.2.1/contrib/extraction/lib/vorbis-java-tika-0.1.jar' to classloader
06/05/2013 11:24:47 org.apache.solr.core.SolrResourceLoader replaceClassLoader
INFO: Adding 'file:/C:/Users/Carlos/Documents/GitHub/cgGuide/Solr.Pilots/solr-4.2.1/contrib/extraction/lib/xercesImpl-2.9.1.jar' to classloader
06/05/2013 11:24:47 org.apache.solr.core.SolrResourceLoader replaceClassLoader
INFO: Adding 'file:/C:/Users/Carlos/Documents/GitHub/cgGuide/Solr.Pilots/solr-4.2.1/contrib/extraction/lib/xmlbeans-2.3.0.jar' to classloader
06/05/2013 11:24:47 org.apache.solr.core.SolrResourceLoader replaceClassLoader
INFO: Adding 'file:/C:/Users/Carlos/Documents/GitHub/cgGuide/Solr.Pilots/solr-4.2.1/contrib/extraction/lib/xz-1.0.jar' to classloader
06/05/2013 11:24:47 org.apache.solr.core.SolrResourceLoader replaceClassLoader
INFO: Adding 'file:/C:/Users/Carlos/Documents/GitHub/cgGuide/Solr.Pilots/solr-4.2.1/dist/solr-cell-4.2.1.jar' to classloader
06/05/2013 11:24:47 org.apache.solr.core.SolrResourceLoader replaceClassLoader
INFO: Adding 'file:/C:/Users/Carlos/Documents/GitHub/cgGuide/Solr.Pilots/solr-4.2.1/contrib/clustering/lib/attributes-binder-1.0.1.jar' to classloader
06/05/2013 11:24:47 org.apache.solr.core.SolrResourceLoader replaceClassLoader
INFO: Adding 'file:/C:/Users/Carlos/Documents/GitHub/cgGuide/Solr.Pilots/solr-4.2.1/contrib/clustering/lib/carrot2-mini-3.6.2.jar' to classloader
06/05/2013 11:24:47 org.apache.solr.core.SolrResourceLoader replaceClassLoader
INFO: Adding 'file:/C:/Users/Carlos/Documents/GitHub/cgGuide/Solr.Pilots/solr-4.2.1/contrib/clustering/lib/hppc-0.4.1.jar' to classloader
06/05/2013 11:24:47 org.apache.solr.core.SolrResourceLoader replaceClassLoader
INFO: Adding 'file:/C:/Users/Carlos/Documents/GitHub/cgGuide/Solr.Pilots/solr-4.2.1/contrib/clustering/lib/jackson-core-asl-1.7.4.jar' to classloader
06/05/2013 11:24:47 org.apache.solr.core.SolrResourceLoader replaceClassLoader
INFO: Adding 'file:/C:/Users/Carlos/Documents/GitHub/cgGuide/Solr.Pilots/solr-4.2.1/contrib/clustering/lib/jackson-mapper-asl-1.7.4.jar' to classloader
06/05/2013 11:24:47 org.apache.solr.core.SolrResourceLoader replaceClassLoader
INFO: Adding 'file:/C:/Users/Carlos/Documents/GitHub/cgGuide/Solr.Pilots/solr-4.2.1/contrib/clustering/lib/mahout-collections-1.0.jar' to classloader
06/05/2013 11:24:47 org.apache.solr.core.SolrResourceLoader replaceClassLoader
INFO: Adding 'file:/C:/Users/Carlos/Documents/GitHub/cgGuide/Solr.Pilots/solr-4.2.1/contrib/clustering/lib/mahout-math-0.6.jar' to classloader
06/05/2013 11:24:47 org.apache.solr.core.SolrResourceLoader replaceClassLoader
INFO: Adding 'file:/C:/Users/Carlos/Documents/GitHub/cgGuide/Solr.Pilots/solr-4.2.1/contrib/clustering/lib/simple-xml-2.6.4.jar' to classloader
06/05/2013 11:24:47 org.apache.solr.core.SolrResourceLoader replaceClassLoader
INFO: Adding 'file:/C:/Users/Carlos/Documents/GitHub/cgGuide/Solr.Pilots/solr-4.2.1/dist/solr-clustering-4.2.1.jar' to classloader
06/05/2013 11:24:47 org.apache.solr.core.SolrResourceLoader replaceClassLoader
INFO: Adding 'file:/C:/Users/Carlos/Documents/GitHub/cgGuide/Solr.Pilots/solr-4.2.1/contrib/langid/lib/jsonic-1.2.7.jar' to classloader
06/05/2013 11:24:47 org.apache.solr.core.SolrResourceLoader replaceClassLoader
INFO: Adding 'file:/C:/Users/Carlos/Documents/GitHub/cgGuide/Solr.Pilots/solr-4.2.1/contrib/langid/lib/langdetect-1.1-20120112.jar' to classloader
06/05/2013 11:24:47 org.apache.solr.core.SolrResourceLoader replaceClassLoader
INFO: Adding 'file:/C:/Users/Carlos/Documents/GitHub/cgGuide/Solr.Pilots/solr-4.2.1/dist/solr-langid-4.2.1.jar' to classloader
06/05/2013 11:24:47 org.apache.solr.core.SolrResourceLoader replaceClassLoader
INFO: Adding 'file:/C:/Users/Carlos/Documents/GitHub/cgGuide/Solr.Pilots/solr-4.2.1/contrib/velocity/lib/commons-beanutils-1.7.0.jar' to classloader
06/05/2013 11:24:47 org.apache.solr.core.SolrResourceLoader replaceClassLoader
INFO: Adding 'file:/C:/Users/Carlos/Documents/GitHub/cgGuide/Solr.Pilots/solr-4.2.1/contrib/velocity/lib/commons-collections-3.2.1.jar' to classloader
06/05/2013 11:24:47 org.apache.solr.core.SolrResourceLoader replaceClassLoader
INFO: Adding 'file:/C:/Users/Carlos/Documents/GitHub/cgGuide/Solr.Pilots/solr-4.2.1/contrib/velocity/lib/velocity-1.7.jar' to classloader
06/05/2013 11:24:47 org.apache.solr.core.SolrResourceLoader replaceClassLoader
INFO: Adding 'file:/C:/Users/Carlos/Documents/GitHub/cgGuide/Solr.Pilots/solr-4.2.1/contrib/velocity/lib/velocity-tools-2.0.jar' to classloader
06/05/2013 11:24:47 org.apache.solr.core.SolrResourceLoader replaceClassLoader
INFO: Adding 'file:/C:/Users/Carlos/Documents/GitHub/cgGuide/Solr.Pilots/solr-4.2.1/dist/solr-velocity-4.2.1.jar' to classloader
06/05/2013 11:24:48 org.apache.solr.core.SolrConfig <init>
INFO: Using Lucene MatchVersion: LUCENE_42
06/05/2013 11:24:48 org.apache.solr.core.SolrConfig <init>
INFO: Loaded SolrConfig: solrconfig.xml
06/05/2013 11:24:48 org.apache.solr.schema.IndexSchema readSchema
INFO: Reading Solr Schema
06/05/2013 11:24:48 org.apache.solr.schema.IndexSchema readSchema
INFO: Schema name=example
06/05/2013 11:24:49 org.apache.solr.schema.IndexSchema readSchema
INFO: unique key field: id
06/05/2013 11:24:50 org.apache.solr.schema.FileExchangeRateProvider reload
INFO: Reloading exchange rates from file currency.xml
06/05/2013 11:24:50 org.apache.solr.schema.FileExchangeRateProvider reload
INFO: Reloading exchange rates from file currency.xml
06/05/2013 11:24:51 org.apache.solr.core.SolrCore initDirectoryFactory
INFO: solr.NRTCachingDirectoryFactory
06/05/2013 11:24:51 org.apache.solr.core.SolrCore <init>
INFO: [cguide] Opening new SolrCore at solr\cguide\, dataDir=C:\Users\Carlos\Documents\GitHub\cgGuide\Solr.Pilots\solr-4.2.1\example\solr\cguide\data\
06/05/2013 11:24:51 org.apache.solr.core.JmxMonitoredMap <init>
INFO: JMX monitoring is enabled. Adding Solr mbeans to JMX Server: com.sun.jmx.mbeanserver.JmxMBeanServer@485b78cf
06/05/2013 11:24:51 org.apache.solr.core.SolrCore initListeners
INFO: [cguide] Added SolrEventListener for newSearcher: org.apache.solr.core.QuerySenderListener{queries=[]}
06/05/2013 11:24:51 org.apache.solr.core.SolrCore initListeners
INFO: [cguide] Added SolrEventListener for firstSearcher: org.apache.solr.core.QuerySenderListener{queries=[{q=static firstSearcher warming in solrconfig.xml}]}
06/05/2013 11:24:52 org.apache.solr.core.SolrCore initDirectoryFactory
INFO: solr.NRTCachingDirectoryFactory
06/05/2013 11:24:52 org.apache.solr.core.CachingDirectoryFactory get
INFO: return new directory for C:\Users\Carlos\Documents\GitHub\cgGuide\Solr.Pilots\solr-4.2.1\example\solr\cguide\data forceNew: false
06/05/2013 11:24:52 org.apache.solr.core.SolrCore getNewIndexDir
INFO: New index directory detected: old=null new=C:\Users\Carlos\Documents\GitHub\cgGuide\Solr.Pilots\solr-4.2.1\example\solr\cguide\data\index/
06/05/2013 11:24:52 org.apache.solr.core.CachingDirectoryFactory get
INFO: return new directory for C:\Users\Carlos\Documents\GitHub\cgGuide\Solr.Pilots\solr-4.2.1\example\solr\cguide\data\index forceNew: false
06/05/2013 11:24:52 org.apache.solr.core.SolrCore initWriters
INFO: created json: solr.JSONResponseWriter
06/05/2013 11:24:52 org.apache.solr.core.SolrCore initWriters
INFO: adding lazy queryResponseWriter: solr.VelocityResponseWriter
06/05/2013 11:24:52 org.apache.solr.core.SolrCore initWriters
INFO: created velocity: solr.VelocityResponseWriter
06/05/2013 11:24:52 org.apache.solr.core.SolrCore initWriters
INFO: created xslt: solr.XSLTResponseWriter
06/05/2013 11:24:52 org.apache.solr.response.XSLTResponseWriter init
INFO: xsltCacheLifetimeSeconds=5
06/05/2013 11:24:52 org.apache.solr.core.RequestHandlers initHandlersFromConfig
INFO: created /dataimport: org.apache.solr.handler.dataimport.DataImportHandler
06/05/2013 11:24:52 org.apache.solr.core.RequestHandlers initHandlersFromConfig
INFO: created /select: solr.SearchHandler
06/05/2013 11:24:52 org.apache.solr.core.RequestHandlers initHandlersFromConfig
INFO: created /query: solr.SearchHandler
06/05/2013 11:24:52 org.apache.solr.core.RequestHandlers initHandlersFromConfig
INFO: created /get: solr.RealTimeGetHandler
06/05/2013 11:24:52 org.apache.solr.core.RequestHandlers initHandlersFromConfig
INFO: created /browse: solr.SearchHandler
06/05/2013 11:24:52 org.apache.solr.core.RequestHandlers initHandlersFromConfig
INFO: created /update: solr.UpdateRequestHandler
06/05/2013 11:24:52 org.apache.solr.core.RequestHandlers initHandlersFromConfig
INFO: created /update/json: solr.JsonUpdateRequestHandler
06/05/2013 11:24:52 org.apache.solr.core.RequestHandlers initHandlersFromConfig
INFO: created /update/csv: solr.CSVRequestHandler
06/05/2013 11:24:52 org.apache.solr.core.RequestHandlers initHandlersFromConfig
INFO: adding lazy requestHandler: solr.extraction.ExtractingRequestHandler
06/05/2013 11:24:52 org.apache.solr.core.RequestHandlers initHandlersFromConfig
INFO: created /update/extract: solr.extraction.ExtractingRequestHandler
06/05/2013 11:24:52 org.apache.solr.core.RequestHandlers initHandlersFromConfig
INFO: adding lazy requestHandler: solr.FieldAnalysisRequestHandler
06/05/2013 11:24:52 org.apache.solr.core.RequestHandlers initHandlersFromConfig
INFO: created /analysis/field: solr.FieldAnalysisRequestHandler
06/05/2013 11:24:52 org.apache.solr.core.RequestHandlers initHandlersFromConfig
INFO: adding lazy requestHandler: solr.DocumentAnalysisRequestHandler
06/05/2013 11:24:52 org.apache.solr.core.RequestHandlers initHandlersFromConfig
INFO: created /analysis/document: solr.DocumentAnalysisRequestHandler
06/05/2013 11:24:52 org.apache.solr.core.RequestHandlers initHandlersFromConfig
INFO: created /admin/: solr.admin.AdminHandlers
06/05/2013 11:24:52 org.apache.solr.core.RequestHandlers initHandlersFromConfig
INFO: created /admin/ping: solr.PingRequestHandler
06/05/2013 11:24:52 org.apache.solr.core.RequestHandlers initHandlersFromConfig
INFO: created /debug/dump: solr.DumpRequestHandler
06/05/2013 11:24:52 org.apache.solr.core.RequestHandlers initHandlersFromConfig
INFO: created /replication: solr.ReplicationHandler
06/05/2013 11:24:52 org.apache.solr.core.RequestHandlers initHandlersFromConfig
INFO: adding lazy requestHandler: solr.SearchHandler
06/05/2013 11:24:52 org.apache.solr.core.RequestHandlers initHandlersFromConfig
INFO: created /spell: solr.SearchHandler
06/05/2013 11:24:52 org.apache.solr.core.RequestHandlers initHandlersFromConfig
INFO: adding lazy requestHandler: solr.SearchHandler
06/05/2013 11:24:52 org.apache.solr.core.RequestHandlers initHandlersFromConfig
INFO: created /tvrh: solr.SearchHandler
06/05/2013 11:24:52 org.apache.solr.core.RequestHandlers initHandlersFromConfig
INFO: adding lazy requestHandler: solr.SearchHandler
06/05/2013 11:24:52 org.apache.solr.core.RequestHandlers initHandlersFromConfig
INFO: created /terms: solr.SearchHandler
06/05/2013 11:24:52 org.apache.solr.core.RequestHandlers initHandlersFromConfig
INFO: adding lazy requestHandler: solr.SearchHandler
06/05/2013 11:24:52 org.apache.solr.core.RequestHandlers initHandlersFromConfig
INFO: created /elevate: solr.SearchHandler
06/05/2013 11:24:52 org.apache.solr.handler.loader.XMLLoader init
INFO: xsltCacheLifetimeSeconds=60
06/05/2013 11:24:52 org.apache.solr.handler.loader.XMLLoader init
INFO: xsltCacheLifetimeSeconds=60
06/05/2013 11:24:52 org.apache.solr.handler.loader.XMLLoader init
INFO: xsltCacheLifetimeSeconds=60
06/05/2013 11:24:53 org.apache.solr.search.SolrIndexSearcher <init>
INFO: Opening Searcher@c16c2c0 main
06/05/2013 11:24:53 org.apache.solr.update.CommitTracker <init>
INFO: Hard AutoCommit: if uncommited for 15000ms; 
06/05/2013 11:24:53 org.apache.solr.update.CommitTracker <init>
INFO: Soft AutoCommit: disabled
06/05/2013 11:24:53 org.apache.solr.handler.component.SpellCheckComponent inform
INFO: Initializing spell checkers
06/05/2013 11:24:53 org.apache.solr.spelling.DirectSolrSpellChecker init
INFO: init: {name=default,field=name,classname=solr.DirectSolrSpellChecker,distanceMeasure=internal,accuracy=0.5,maxEdits=2,minPrefix=1,maxInspections=5,minQueryLength=4,maxQueryFrequency=0.01}
06/05/2013 11:24:53 org.apache.solr.handler.component.SpellCheckComponent inform
INFO: No queryConverter defined, using default converter
06/05/2013 11:24:53 org.apache.solr.handler.component.QueryElevationComponent inform
INFO: Loading QueryElevation from: C:\Users\Carlos\Documents\GitHub\cgGuide\Solr.Pilots\solr-4.2.1\example\solr\cguide\conf\elevate.xml
06/05/2013 11:24:53 org.apache.solr.handler.ReplicationHandler inform
INFO: Commits will be reserved for  10000
06/05/2013 11:24:53 org.apache.solr.core.QuerySenderListener newSearcher
INFO: QuerySenderListener sending requests to Searcher@c16c2c0 main{StandardDirectoryReader(segments_11:119 _u(4.2.1):C2)}
06/05/2013 11:24:53 org.apache.solr.core.SolrCore execute
INFO: [cguide] webapp=null path=null params={event=firstSearcher&q=static+firstSearcher+warming+in+solrconfig.xml&distrib=false} hits=0 status=0 QTime=232 
06/05/2013 11:24:53 org.apache.solr.core.QuerySenderListener newSearcher
INFO: QuerySenderListener done.
06/05/2013 11:24:53 org.apache.solr.handler.component.SpellCheckComponent$SpellCheckerListener newSearcher
INFO: Loading spell index for spellchecker: default
06/05/2013 11:24:53 org.apache.solr.handler.component.SpellCheckComponent$SpellCheckerListener newSearcher
INFO: Loading spell index for spellchecker: wordbreak
06/05/2013 11:24:53 org.apache.solr.core.SolrCore registerSearcher
INFO: [cguide] Registered new searcher Searcher@c16c2c0 main{StandardDirectoryReader(segments_11:119 _u(4.2.1):C2)}
06/05/2013 11:24:53 org.apache.solr.core.CoreContainer registerCore
INFO: registering core: cguide
06/05/2013 11:24:53 org.apache.solr.servlet.SolrDispatchFilter init
INFO: user.dir=C:\Users\Carlos\Documents\GitHub\cgGuide\Solr.Pilots\solr-4.2.1\example
06/05/2013 11:24:53 org.apache.solr.servlet.SolrDispatchFilter init
INFO: SolrDispatchFilter.init() done
06/05/2013 11:25:30 org.apache.solr.servlet.SolrDispatchFilter handleAdminRequest
INFO: [admin] webapp=null path=/admin/cores params={indexInfo=false&_=1367850330657&wt=json} status=0 QTime=3 
06/05/2013 11:25:30 org.apache.solr.core.SolrCore execute
INFO: [cguide] webapp=/solr path=/admin/system params={_=1367850330800&wt=json} status=0 QTime=6 
06/05/2013 11:25:33 org.apache.solr.core.SolrCore execute
INFO: [cguide] webapp=/solr path=/select params={indent=true&q=*:*&_=1367850332932&wt=xml} hits=2 status=0 QTime=3 
06/05/2013 11:25:39 org.apache.solr.servlet.SolrDispatchFilter handleAdminRequest
INFO: [admin] webapp=null path=/admin/cores params={indexInfo=false&_=1367850339490&wt=json} status=0 QTime=0 
06/05/2013 11:25:39 org.apache.solr.core.SolrCore execute
INFO: [cguide] webapp=/solr path=/admin/system params={_=1367850339536&wt=json} status=0 QTime=4 
06/05/2013 11:25:39 org.apache.solr.core.SolrCore execute
INFO: [cguide] webapp=/solr path=/select params={d=5&fl=name,id,latlng&indent=true&q=*:*&pt=45.15,-93.85&wt=json&fq={!geofilt+sfield%3Dlatlng}} hits=1 status=0 QTime=124 
06/05/2013 11:28:41 org.apache.solr.core.SolrCore execute
INFO: [cguide] webapp=/solr path=/select params={d=5&fl=name,id,latlng&indent=true&q=*:*&pt=45.15,-93.85&wt=json&fq={!geofilt+sfield%3Dlatlng}} hits=1 status=0 QTime=2 
06/05/2013 11:28:47 org.apache.solr.core.SolrCore execute
INFO: [cguide] webapp=/solr path=/select params={d=5.5&fl=name,id,latlng&indent=true&q=*:*&pt=45.15,-93.85&wt=json&fq={!geofilt+sfield%3Dlatlng}} hits=1 status=0 QTime=2 
06/05/2013 11:28:52 org.apache.solr.core.SolrCore execute
INFO: [cguide] webapp=/solr path=/select params={d=2&fl=name,id,latlng&indent=true&q=*:*&pt=45.15,-93.85&wt=json&fq={!geofilt+sfield%3Dlatlng}} hits=0 status=0 QTime=45 
06/05/2013 11:28:57 org.apache.solr.core.SolrCore execute
INFO: [cguide] webapp=/solr path=/select params={d=3&fl=name,id,latlng&indent=true&q=*:*&pt=45.15,-93.85&wt=json&fq={!geofilt+sfield%3Dlatlng}} hits=0 status=0 QTime=1 
06/05/2013 11:29:00 org.apache.solr.core.SolrCore execute
INFO: [cguide] webapp=/solr path=/select params={d=4&fl=name,id,latlng&indent=true&q=*:*&pt=45.15,-93.85&wt=json&fq={!geofilt+sfield%3Dlatlng}} hits=1 status=0 QTime=1 
06/05/2013 11:29:08 org.apache.solr.core.SolrCore execute
INFO: [cguide] webapp=/solr path=/select params={d=3.5&fl=name,id,latlng&indent=true&q=*:*&pt=45.15,-93.85&wt=json&fq={!geofilt+sfield%3Dlatlng}} hits=1 status=0 QTime=2 
06/05/2013 11:29:12 org.apache.solr.core.SolrCore execute
INFO: [cguide] webapp=/solr path=/select params={d=3.4&fl=name,id,latlng&indent=true&q=*:*&pt=45.15,-93.85&wt=json&fq={!geofilt+sfield%3Dlatlng}} hits=0 status=0 QTime=2 
06/05/2013 11:29:18 org.apache.solr.core.SolrCore execute
INFO: [cguide] webapp=/solr path=/select params={d=3.5&fl=name,id,latlng&indent=true&q=*:*&pt=45.15,-93.85&wt=json&fq={!geofilt+sfield%3Dlatlng}} hits=1 status=0 QTime=1 
06/05/2013 11:33:17 org.apache.solr.core.SolrCore execute
INFO: [cguide] webapp=/solr path=/select params={d=3.4&fl=name,id,latlng&indent=true&q=*:*&pt=45.15,-93.85&wt=json&fq={!geofilt+sfield%3Dlatlng}} hits=0 status=0 QTime=5 
06/05/2013 11:33:19 org.apache.solr.core.SolrCore execute
INFO: [cguide] webapp=/solr path=/select params={d=3.5&fl=name,id,latlng&indent=true&q=*:*&pt=45.15,-93.85&wt=json&fq={!geofilt+sfield%3Dlatlng}} hits=1 status=0 QTime=1 
06/05/2013 11:33:47 org.apache.solr.core.SolrCore execute
INFO: [cguide] webapp=/solr path=/select params={d=3.4&fl=name,id,latlng&indent=true&q=*:*&pt=45.15,-93.85&wt=json&fq={!geofilt+sfield%3Dlatlng}} hits=0 status=0 QTime=1 
06/05/2013 11:38:42 org.apache.solr.core.SolrCore execute
INFO: [cguide] webapp=/solr path=/select params={d=3.5&fl=name,id,latlng&indent=true&q=*:*&pt=45.171933,-93.873453&wt=json&fq={!geofilt+sfield%3Dlatlng}} hits=1 status=0 QTime=2 
06/05/2013 11:38:49 org.apache.solr.core.SolrCore execute
INFO: [cguide] webapp=/solr path=/select params={d=0.5&fl=name,id,latlng&indent=true&q=*:*&pt=45.171933,-93.873453&wt=json&fq={!geofilt+sfield%3Dlatlng}} hits=1 status=0 QTime=1 
06/05/2013 11:38:54 org.apache.solr.core.SolrCore execute
INFO: [cguide] webapp=/solr path=/select params={d=0.1&fl=name,id,latlng&indent=true&q=*:*&pt=45.171933,-93.873453&wt=json&fq={!geofilt+sfield%3Dlatlng}} hits=0 status=0 QTime=1 
06/05/2013 11:38:57 org.apache.solr.core.SolrCore execute
INFO: [cguide] webapp=/solr path=/select params={d=0.2&fl=name,id,latlng&indent=true&q=*:*&pt=45.171933,-93.873453&wt=json&fq={!geofilt+sfield%3Dlatlng}} hits=0 status=0 QTime=2 
06/05/2013 11:39:00 org.apache.solr.core.SolrCore execute
INFO: [cguide] webapp=/solr path=/select params={d=0.3&fl=name,id,latlng&indent=true&q=*:*&pt=45.171933,-93.873453&wt=json&fq={!geofilt+sfield%3Dlatlng}} hits=0 status=0 QTime=2 
06/05/2013 11:39:03 org.apache.solr.core.SolrCore execute
INFO: [cguide] webapp=/solr path=/select params={d=0.4&fl=name,id,latlng&indent=true&q=*:*&pt=45.171933,-93.873453&wt=json&fq={!geofilt+sfield%3Dlatlng}} hits=0 status=0 QTime=2 
06/05/2013 11:39:08 org.apache.solr.core.SolrCore execute
INFO: [cguide] webapp=/solr path=/select params={d=1&fl=name,id,latlng&indent=true&q=*:*&pt=45.171933,-93.873453&wt=json&fq={!geofilt+sfield%3Dlatlng}} hits=1 status=0 QTime=1 
06/05/2013 11:39:34 org.apache.solr.core.SolrCore execute
INFO: [cguide] webapp=/solr path=/select params={d=1&fl=name,id,latlng&indent=true&q=*:*&pt=45.1719,-93.8734&wt=json&fq={!geofilt+sfield%3Dlatlng}} hits=1 status=0 QTime=1 
06/05/2013 11:39:42 org.apache.solr.core.SolrCore execute
INFO: [cguide] webapp=/solr path=/select params={d=0.8&fl=name,id,latlng&indent=true&q=*:*&pt=45.1719,-93.8734&wt=json&fq={!geofilt+sfield%3Dlatlng}} hits=1 status=0 QTime=1 
06/05/2013 11:39:47 org.apache.solr.core.SolrCore execute
INFO: [cguide] webapp=/solr path=/select params={d=0.9&fl=name,id,latlng&indent=true&q=*:*&pt=45.1719,-93.8734&wt=json&fq={!geofilt+sfield%3Dlatlng}} hits=1 status=0 QTime=1 
06/05/2013 11:39:55 org.apache.solr.core.SolrCore execute
INFO: [cguide] webapp=/solr path=/select params={d=0.2&fl=name,id,latlng&indent=true&q=*:*&pt=45.1719,-93.8734&wt=json&fq={!geofilt+sfield%3Dlatlng}} hits=0 status=0 QTime=1 
06/05/2013 11:39:58 org.apache.solr.core.SolrCore execute
INFO: [cguide] webapp=/solr path=/select params={d=0.5&fl=name,id,latlng&indent=true&q=*:*&pt=45.1719,-93.8734&wt=json&fq={!geofilt+sfield%3Dlatlng}} hits=1 status=0 QTime=2 
06/05/2013 11:40:03 org.apache.solr.core.SolrCore execute
INFO: [cguide] webapp=/solr path=/select params={d=0.4&fl=name,id,latlng&indent=true&q=*:*&pt=45.1719,-93.8734&wt=json&fq={!geofilt+sfield%3Dlatlng}} hits=0 status=0 QTime=1 
06/05/2013 11:40:19 org.apache.solr.core.SolrCore execute
INFO: [cguide] webapp=/solr path=/select params={d=0.5&fl=name,id,latlng&indent=true&q=*:*&pt=45.1719,-93.8734&wt=json&fq={!geofilt+sfield%3Dlatlng}} hits=1 status=0 QTime=1 
06/05/2013 11:42:42 org.apache.solr.core.SolrCore execute
INFO: [cguide] webapp=/solr path=/select params={d=0.5&fl=name,id,latlng&indent=true&q=*:*&pt=45.1751,-93.873281&wt=json&fq={!geofilt+sfield%3Dlatlng}} hits=1 status=0 QTime=2 
06/05/2013 11:42:47 org.apache.solr.core.SolrCore execute
INFO: [cguide] webapp=/solr path=/select params={d=0.3&fl=name,id,latlng&indent=true&q=*:*&pt=45.1751,-93.873281&wt=json&fq={!geofilt+sfield%3Dlatlng}} hits=1 status=0 QTime=1 
06/05/2013 11:42:52 org.apache.solr.core.SolrCore execute
INFO: [cguide] webapp=/solr path=/select params={d=0.2&fl=name,id,latlng&indent=true&q=*:*&pt=45.1751,-93.873281&wt=json&fq={!geofilt+sfield%3Dlatlng}} hits=1 status=0 QTime=1 
06/05/2013 11:42:56 org.apache.solr.core.SolrCore execute
INFO: [cguide] webapp=/solr path=/select params={d=0.1&fl=name,id,latlng&indent=true&q=*:*&pt=45.1751,-93.873281&wt=json&fq={!geofilt+sfield%3Dlatlng}} hits=0 status=0 QTime=1 
06/05/2013 11:43:47 org.apache.solr.core.SolrCore execute
INFO: [cguide] webapp=/solr path=/select params={d=0.05&fl=name,id,latlng&indent=true&q=*:*&pt=45.1751,-93.873281&wt=json&fq={!geofilt+sfield%3Dlatlng}} hits=0 status=0 QTime=1 
06/05/2013 11:43:52 org.apache.solr.core.SolrCore execute
INFO: [cguide] webapp=/solr path=/select params={d=0.1&fl=name,id,latlng&indent=true&q=*:*&pt=45.1751,-93.873281&wt=json&fq={!geofilt+sfield%3Dlatlng}} hits=0 status=0 QTime=1 
06/05/2013 11:43:55 org.apache.solr.core.SolrCore execute
INFO: [cguide] webapp=/solr path=/select params={d=0.2&fl=name,id,latlng&indent=true&q=*:*&pt=45.1751,-93.873281&wt=json&fq={!geofilt+sfield%3Dlatlng}} hits=1 status=0 QTime=1 
06/05/2013 11:43:59 org.apache.solr.core.SolrCore execute
INFO: [cguide] webapp=/solr path=/select params={d=0.15&fl=name,id,latlng&indent=true&q=*:*&pt=45.1751,-93.873281&wt=json&fq={!geofilt+sfield%3Dlatlng}} hits=1 status=0 QTime=2 
06/05/2013 11:44:02 org.apache.solr.core.SolrCore execute
INFO: [cguide] webapp=/solr path=/select params={d=0.14&fl=name,id,latlng&indent=true&q=*:*&pt=45.1751,-93.873281&wt=json&fq={!geofilt+sfield%3Dlatlng}} hits=1 status=0 QTime=2 
06/05/2013 11:44:04 org.apache.solr.core.SolrCore execute
INFO: [cguide] webapp=/solr path=/select params={d=0.13&fl=name,id,latlng&indent=true&q=*:*&pt=45.1751,-93.873281&wt=json&fq={!geofilt+sfield%3Dlatlng}} hits=1 status=0 QTime=1 
06/05/2013 11:44:06 org.apache.solr.core.SolrCore execute
INFO: [cguide] webapp=/solr path=/select params={d=0.12&fl=name,id,latlng&indent=true&q=*:*&pt=45.1751,-93.873281&wt=json&fq={!geofilt+sfield%3Dlatlng}} hits=1 status=0 QTime=2 
06/05/2013 11:44:08 org.apache.solr.core.SolrCore execute
INFO: [cguide] webapp=/solr path=/select params={d=0.11&fl=name,id,latlng&indent=true&q=*:*&pt=45.1751,-93.873281&wt=json&fq={!geofilt+sfield%3Dlatlng}} hits=0 status=0 QTime=1 
06/05/2013 11:44:17 org.apache.solr.core.SolrCore execute
INFO: [cguide] webapp=/solr path=/select params={d=0.119&fl=name,id,latlng&indent=true&q=*:*&pt=45.1751,-93.873281&wt=json&fq={!geofilt+sfield%3Dlatlng}} hits=1 status=0 QTime=1 
06/05/2013 11:44:20 org.apache.solr.core.SolrCore execute
INFO: [cguide] webapp=/solr path=/select params={d=0.114&fl=name,id,latlng&indent=true&q=*:*&pt=45.1751,-93.873281&wt=json&fq={!geofilt+sfield%3Dlatlng}} hits=1 status=0 QTime=2 
06/05/2013 11:44:25 org.apache.solr.core.SolrCore execute
INFO: [cguide] webapp=/solr path=/select params={d=0.115&fl=name,id,latlng&indent=true&q=*:*&pt=45.1751,-93.873281&wt=json&fq={!geofilt+sfield%3Dlatlng}} hits=1 status=0 QTime=5 
06/05/2013 11:44:28 org.apache.solr.core.SolrCore execute
INFO: [cguide] webapp=/solr path=/select params={d=0.114&fl=name,id,latlng&indent=true&q=*:*&pt=45.1751,-93.873281&wt=json&fq={!geofilt+sfield%3Dlatlng}} hits=1 status=0 QTime=1 
06/05/2013 11:44:47 org.apache.solr.core.SolrCore execute
INFO: [cguide] webapp=/solr path=/select params={d=0.1&fl=name,id,latlng&indent=true&q=*:*&pt=45.1751,-93.873281&wt=json&fq={!geofilt+sfield%3Dlatlng}} hits=0 status=0 QTime=1 
06/05/2013 11:44:54 org.apache.solr.core.SolrCore execute
INFO: [cguide] webapp=/solr path=/select params={d=0.2&fl=name,id,latlng&indent=true&q=*:*&pt=45.1751,-93.873281&wt=json&fq={!geofilt+sfield%3Dlatlng}} hits=1 status=0 QTime=1 
06/05/2013 11:45:03 org.apache.solr.core.SolrCore execute
INFO: [cguide] webapp=/solr path=/select params={d=0.114&fl=name,id,latlng&indent=true&q=*:*&pt=45.1751,-93.873281&wt=json&fq={!geofilt+sfield%3Dlatlng}} hits=1 status=0 QTime=1 
06/05/2013 11:45:05 org.apache.solr.core.SolrCore execute
INFO: [cguide] webapp=/solr path=/select params={d=0.113&fl=name,id,latlng&indent=true&q=*:*&pt=45.1751,-93.873281&wt=json&fq={!geofilt+sfield%3Dlatlng}} hits=1 status=0 QTime=2 
06/05/2013 11:45:07 org.apache.solr.core.SolrCore execute
INFO: [cguide] webapp=/solr path=/select params={d=0.112&fl=name,id,latlng&indent=true&q=*:*&pt=45.1751,-93.873281&wt=json&fq={!geofilt+sfield%3Dlatlng}} hits=1 status=0 QTime=2 
06/05/2013 11:45:10 org.apache.solr.core.SolrCore execute
INFO: [cguide] webapp=/solr path=/select params={d=0.111&fl=name,id,latlng&indent=true&q=*:*&pt=45.1751,-93.873281&wt=json&fq={!geofilt+sfield%3Dlatlng}} hits=0 status=0 QTime=1 
06/05/2013 11:45:13 org.apache.solr.core.SolrCore execute
INFO: [cguide] webapp=/solr path=/select params={d=0.112&fl=name,id,latlng&indent=true&q=*:*&pt=45.1751,-93.873281&wt=json&fq={!geofilt+sfield%3Dlatlng}} hits=1 status=0 QTime=1 
06/05/2013 11:56:36 org.apache.solr.core.SolrCore execute
INFO: [cguide] webapp=/solr path=/select params={d=0.112&fl=name,id,latlng&indent=true&q=*:*&pt=45.174073,-93.873249&wt=json&fq={!geofilt+sfield%3Dlatlng}} hits=0 status=0 QTime=2 
06/05/2013 11:56:53 org.apache.solr.core.SolrCore execute
INFO: [cguide] webapp=/solr path=/select params={d=0.2&fl=name,id,latlng&indent=true&q=*:*&pt=45.174073,-93.873249&wt=json&fq={!geofilt+sfield%3Dlatlng}} hits=0 status=0 QTime=1 
06/05/2013 11:56:57 org.apache.solr.core.SolrCore execute
INFO: [cguide] webapp=/solr path=/select params={d=0.3&fl=name,id,latlng&indent=true&q=*:*&pt=45.174073,-93.873249&wt=json&fq={!geofilt+sfield%3Dlatlng}} hits=1 status=0 QTime=1 
06/05/2013 11:57:02 org.apache.solr.core.SolrCore execute
INFO: [cguide] webapp=/solr path=/select params={d=0.230&fl=name,id,latlng&indent=true&q=*:*&pt=45.174073,-93.873249&wt=json&fq={!geofilt+sfield%3Dlatlng}} hits=1 status=0 QTime=1 
06/05/2013 11:57:07 org.apache.solr.core.SolrCore execute
INFO: [cguide] webapp=/solr path=/select params={d=0.210&fl=name,id,latlng&indent=true&q=*:*&pt=45.174073,-93.873249&wt=json&fq={!geofilt+sfield%3Dlatlng}} hits=0 status=0 QTime=1 
06/05/2013 11:57:11 org.apache.solr.core.SolrCore execute
INFO: [cguide] webapp=/solr path=/select params={d=0.212&fl=name,id,latlng&indent=true&q=*:*&pt=45.174073,-93.873249&wt=json&fq={!geofilt+sfield%3Dlatlng}} hits=0 status=0 QTime=2 
06/05/2013 11:57:14 org.apache.solr.core.SolrCore execute
INFO: [cguide] webapp=/solr path=/select params={d=0.213&fl=name,id,latlng&indent=true&q=*:*&pt=45.174073,-93.873249&wt=json&fq={!geofilt+sfield%3Dlatlng}} hits=0 status=0 QTime=1 
06/05/2013 11:57:17 org.apache.solr.core.SolrCore execute
INFO: [cguide] webapp=/solr path=/select params={d=0.214&fl=name,id,latlng&indent=true&q=*:*&pt=45.174073,-93.873249&wt=json&fq={!geofilt+sfield%3Dlatlng}} hits=0 status=0 QTime=2 
06/05/2013 11:57:21 org.apache.solr.core.SolrCore execute
INFO: [cguide] webapp=/solr path=/select params={d=0.215&fl=name,id,latlng&indent=true&q=*:*&pt=45.174073,-93.873249&wt=json&fq={!geofilt+sfield%3Dlatlng}} hits=0 status=0 QTime=1 
06/05/2013 11:57:24 org.apache.solr.core.SolrCore execute
INFO: [cguide] webapp=/solr path=/select params={d=0.219&fl=name,id,latlng&indent=true&q=*:*&pt=45.174073,-93.873249&wt=json&fq={!geofilt+sfield%3Dlatlng}} hits=0 status=0 QTime=1 
06/05/2013 11:57:28 org.apache.solr.core.SolrCore execute
INFO: [cguide] webapp=/solr path=/select params={d=0.230&fl=name,id,latlng&indent=true&q=*:*&pt=45.174073,-93.873249&wt=json&fq={!geofilt+sfield%3Dlatlng}} hits=1 status=0 QTime=2 
06/05/2013 11:57:32 org.apache.solr.core.SolrCore execute
INFO: [cguide] webapp=/solr path=/select params={d=0.220&fl=name,id,latlng&indent=true&q=*:*&pt=45.174073,-93.873249&wt=json&fq={!geofilt+sfield%3Dlatlng}} hits=0 status=0 QTime=1 
06/05/2013 11:57:35 org.apache.solr.core.SolrCore execute
INFO: [cguide] webapp=/solr path=/select params={d=0.225&fl=name,id,latlng&indent=true&q=*:*&pt=45.174073,-93.873249&wt=json&fq={!geofilt+sfield%3Dlatlng}} hits=0 status=0 QTime=2 
06/05/2013 11:57:39 org.apache.solr.core.SolrCore execute
INFO: [cguide] webapp=/solr path=/select params={d=0.245&fl=name,id,latlng&indent=true&q=*:*&pt=45.174073,-93.873249&wt=json&fq={!geofilt+sfield%3Dlatlng}} hits=1 status=0 QTime=1 
06/05/2013 11:57:41 org.apache.solr.core.SolrCore execute
INFO: [cguide] webapp=/solr path=/select params={d=0.235&fl=name,id,latlng&indent=true&q=*:*&pt=45.174073,-93.873249&wt=json&fq={!geofilt+sfield%3Dlatlng}} hits=1 status=0 QTime=1 
06/05/2013 11:57:47 org.apache.solr.core.SolrCore execute
INFO: [cguide] webapp=/solr path=/select params={d=0.230&fl=name,id,latlng&indent=true&q=*:*&pt=45.174073,-93.873249&wt=json&fq={!geofilt+sfield%3Dlatlng}} hits=1 status=0 QTime=1 
06/05/2013 11:57:50 org.apache.solr.core.SolrCore execute
INFO: [cguide] webapp=/solr path=/select params={d=0.225&fl=name,id,latlng&indent=true&q=*:*&pt=45.174073,-93.873249&wt=json&fq={!geofilt+sfield%3Dlatlng}} hits=0 status=0 QTime=1 
06/05/2013 11:57:53 org.apache.solr.core.SolrCore execute
INFO: [cguide] webapp=/solr path=/select params={d=0.228&fl=name,id,latlng&indent=true&q=*:*&pt=45.174073,-93.873249&wt=json&fq={!geofilt+sfield%3Dlatlng}} hits=1 status=0 QTime=1 
06/05/2013 11:57:55 org.apache.solr.core.SolrCore execute
INFO: [cguide] webapp=/solr path=/select params={d=0.226&fl=name,id,latlng&indent=true&q=*:*&pt=45.174073,-93.873249&wt=json&fq={!geofilt+sfield%3Dlatlng}} hits=1 status=0 QTime=1 
06/05/2013 11:57:57 org.apache.solr.core.SolrCore execute
INFO: [cguide] webapp=/solr path=/select params={d=0.225&fl=name,id,latlng&indent=true&q=*:*&pt=45.174073,-93.873249&wt=json&fq={!geofilt+sfield%3Dlatlng}} hits=0 status=0 QTime=1 
06/05/2013 11:58:00 org.apache.solr.core.SolrCore execute
INFO: [cguide] webapp=/solr path=/select params={d=0.226&fl=name,id,latlng&indent=true&q=*:*&pt=45.174073,-93.873249&wt=json&fq={!geofilt+sfield%3Dlatlng}} hits=1 status=0 QTime=1 
06/05/2013 11:58:56 org.apache.solr.core.SolrCore execute
INFO: [cguide] webapp=/solr path=/select params={d=0.225&fl=name,id,latlng&indent=true&q=*:*&pt=45.174073,-93.873249&wt=json&fq={!geofilt+sfield%3Dlatlng}} hits=0 status=0 QTime=1 
06/05/2013 12:02:39 org.apache.solr.core.SolrCore execute
INFO: [cguide] webapp=/solr path=/select params={d=5&fl=name,id,latlng&indent=true&q=*:*&pt=45.15,-93.85&wt=json&fq={!geofilt+sfield%3Dlatlng}} hits=1 status=0 QTime=1 
06/05/2013 12:06:03 org.apache.solr.core.SolrCore execute
INFO: [cguide] webapp=/solr path=/select params={d=5&fl=name,id,latlng&indent=true&q=*:*&pt=45.174073,-93.8732&wt=json&fq={!geofilt+sfield%3Dlatlng}} hits=1 status=0 QTime=2 
06/05/2013 12:06:08 org.apache.solr.core.SolrCore execute
INFO: [cguide] webapp=/solr path=/select params={d=1&fl=name,id,latlng&indent=true&q=*:*&pt=45.174073,-93.8732&wt=json&fq={!geofilt+sfield%3Dlatlng}} hits=1 status=0 QTime=1 
06/05/2013 12:06:12 org.apache.solr.core.SolrCore execute
INFO: [cguide] webapp=/solr path=/select params={d=0.3&fl=name,id,latlng&indent=true&q=*:*&pt=45.174073,-93.8732&wt=json&fq={!geofilt+sfield%3Dlatlng}} hits=1 status=0 QTime=4 
06/05/2013 12:06:14 org.apache.solr.core.SolrCore execute
INFO: [cguide] webapp=/solr path=/select params={d=0.2&fl=name,id,latlng&indent=true&q=*:*&pt=45.174073,-93.8732&wt=json&fq={!geofilt+sfield%3Dlatlng}} hits=0 status=0 QTime=2 
06/05/2013 12:06:19 org.apache.solr.core.SolrCore execute
INFO: [cguide] webapp=/solr path=/select params={d=0.22&fl=name,id,latlng&indent=true&q=*:*&pt=45.174073,-93.8732&wt=json&fq={!geofilt+sfield%3Dlatlng}} hits=0 status=0 QTime=1 
06/05/2013 12:06:22 org.apache.solr.core.SolrCore execute
INFO: [cguide] webapp=/solr path=/select params={d=0.23&fl=name,id,latlng&indent=true&q=*:*&pt=45.174073,-93.8732&wt=json&fq={!geofilt+sfield%3Dlatlng}} hits=1 status=0 QTime=1 
06/05/2013 12:06:38 org.apache.solr.core.SolrCore execute
INFO: [cguide] webapp=/solr path=/select params={d=0.225&fl=name,id,latlng&indent=true&q=*:*&pt=45.174073,-93.8732&wt=json&fq={!geofilt+sfield%3Dlatlng}} hits=0 status=0 QTime=1 
06/05/2013 12:06:41 org.apache.solr.core.SolrCore execute
INFO: [cguide] webapp=/solr path=/select params={d=0.228&fl=name,id,latlng&indent=true&q=*:*&pt=45.174073,-93.8732&wt=json&fq={!geofilt+sfield%3Dlatlng}} hits=1 status=0 QTime=2 
06/05/2013 12:06:45 org.apache.solr.core.SolrCore execute
INFO: [cguide] webapp=/solr path=/select params={d=0.227&fl=name,id,latlng&indent=true&q=*:*&pt=45.174073,-93.8732&wt=json&fq={!geofilt+sfield%3Dlatlng}} hits=1 status=0 QTime=1 
06/05/2013 12:06:48 org.apache.solr.core.SolrCore execute
INFO: [cguide] webapp=/solr path=/select params={d=0.226&fl=name,id,latlng&indent=true&q=*:*&pt=45.174073,-93.8732&wt=json&fq={!geofilt+sfield%3Dlatlng}} hits=1 status=0 QTime=1 
06/05/2013 12:06:51 org.apache.solr.core.SolrCore execute
INFO: [cguide] webapp=/solr path=/select params={d=0.225&fl=name,id,latlng&indent=true&q=*:*&pt=45.174073,-93.8732&wt=json&fq={!geofilt+sfield%3Dlatlng}} hits=0 status=0 QTime=1 
06/05/2013 13:20:48 org.apache.solr.core.SolrCore execute
INFO: [cguide] webapp=/solr path=/select params={d=5&fl=name,id,latlng&indent=true&q=*:*&pt=45.15,-93.85&wt=json&fq={!geofilt+sfield%3Dlatlng}} hits=1 status=0 QTime=3065 
