127.0.0.1 -  -  [16/04/2013:14:33:18 +0000] "GET /solr HTTP/1.1" 302 0 
127.0.0.1 -  -  [16/04/2013:14:33:18 +0000] "GET /solr/ HTTP/1.1" 200 446 
0:0:0:0:0:0:0:1 -  -  [16/04/2013:14:33:22 +0000] "GET /solr/select?f.manu_exact.facet.mincount=1&facet.field=manu_exact&f.cat.facet.mincount=1&facet.field=cat&facet=true&spellcheck=true&rows=5&start=0&q=*%3a*&? HTTP/1.1" 200 676 
0:0:0:0:0:0:0:1 -  -  [16/04/2013:14:33:30 +0000] "POST /solr/update HTTP/1.1" 200 148 
0:0:0:0:0:0:0:1 -  -  [16/04/2013:14:33:31 +0000] "POST /solr/update HTTP/1.1" 200 148 
0:0:0:0:0:0:0:1 -  -  [16/04/2013:14:33:31 +0000] "POST /solr/update HTTP/1.1" 200 147 
0:0:0:0:0:0:0:1 -  -  [16/04/2013:14:33:31 +0000] "POST /solr/update HTTP/1.1" 200 148 
0:0:0:0:0:0:0:1 -  -  [16/04/2013:14:33:31 +0000] "POST /solr/update HTTP/1.1" 200 147 
0:0:0:0:0:0:0:1 -  -  [16/04/2013:14:33:31 +0000] "POST /solr/update HTTP/1.1" 200 147 
0:0:0:0:0:0:0:1 -  -  [16/04/2013:14:33:31 +0000] "POST /solr/update HTTP/1.1" 200 147 
0:0:0:0:0:0:0:1 -  -  [16/04/2013:14:33:31 +0000] "POST /solr/update HTTP/1.1" 200 147 
0:0:0:0:0:0:0:1 -  -  [16/04/2013:14:33:31 +0000] "POST /solr/update HTTP/1.1" 200 147 
0:0:0:0:0:0:0:1 -  -  [16/04/2013:14:33:31 +0000] "POST /solr/update HTTP/1.1" 200 148 
0:0:0:0:0:0:0:1 -  -  [16/04/2013:14:33:31 +0000] "POST /solr/update HTTP/1.1" 200 147 
0:0:0:0:0:0:0:1 -  -  [16/04/2013:14:33:31 +0000] "POST /solr/update HTTP/1.1" 200 147 
0:0:0:0:0:0:0:1 -  -  [16/04/2013:14:33:31 +0000] "POST /solr/update HTTP/1.1" 200 149 
0:0:0:0:0:0:0:1 -  -  [16/04/2013:14:33:31 +0000] "GET /solr/select?spellcheck.build=true&spellcheck=true&rows=0&q=*%3a*&? HTTP/1.1" 200 388 
0:0:0:0:0:0:0:1 -  -  [16/04/2013:14:33:33 +0000] "GET /solr/select?f.manu_exact.facet.mincount=1&facet.field=manu_exact&f.cat.facet.mincount=1&facet.field=cat&facet=true&spellcheck=true&rows=5&start=0&q=*%3a*&? HTTP/1.1" 200 4467 
0:0:0:0:0:0:0:1 -  -  [16/04/2013:14:34:32 +0000] "GET /solr/select?f.cat.facet.mincount=1&facet.field=cat&facet=true&spellcheck=true&fq=manu_exact%3a%22Apache+Software+Foundation%22&rows=5&start=0&q=*%3a*&? HTTP/1.1" 200 2171 
0:0:0:0:0:0:0:1 -  -  [16/04/2013:14:34:35 +0000] "GET /solr/select?f.manu_exact.facet.mincount=1&facet.field=manu_exact&f.cat.facet.mincount=1&facet.field=cat&facet=true&spellcheck=true&rows=5&start=0&q=*%3a*&? HTTP/1.1" 200 4467 
0:0:0:0:0:0:0:1 -  -  [16/04/2013:14:34:38 +0000] "GET /solr/select?f.cat.facet.mincount=1&facet.field=cat&facet=true&spellcheck=true&fq=manu_exact%3a%22Corsair+Microsystems+Inc.%22&rows=5&start=0&q=*%3a*&? HTTP/1.1" 200 1661 
0:0:0:0:0:0:0:1 -  -  [16/04/2013:14:34:40 +0000] "GET /solr/select?f.manu_exact.facet.mincount=1&facet.field=manu_exact&f.cat.facet.mincount=1&facet.field=cat&facet=true&spellcheck=true&rows=5&start=0&q=*%3a*&? HTTP/1.1" 200 4467 
0:0:0:0:0:0:0:1 -  -  [16/04/2013:14:34:43 +0000] "GET /solr/select?f.manu_exact.facet.mincount=1&facet.field=manu_exact&f.cat.facet.mincount=1&facet.field=cat&facet=true&spellcheck=true&sort=nameSort+asc&rows=5&start=0&q=*%3a*&? HTTP/1.1" 200 4777 
0:0:0:0:0:0:0:1 -  -  [16/04/2013:14:34:44 +0000] "GET /solr/select?f.manu_exact.facet.mincount=1&facet.field=manu_exact&f.cat.facet.mincount=1&facet.field=cat&facet=true&spellcheck=true&sort=price+asc&rows=5&start=0&q=*%3a*&? HTTP/1.1" 200 4393 
0:0:0:0:0:0:0:1 -  -  [16/04/2013:14:34:46 +0000] "GET /solr/select?f.manu_exact.facet.mincount=1&facet.field=manu_exact&f.cat.facet.mincount=1&facet.field=cat&facet=true&spellcheck=true&sort=random_1680133021+asc&rows=5&start=0&q=*%3a*&? HTTP/1.1" 200 5093 
0:0:0:0:0:0:0:1 -  -  [16/04/2013:14:34:47 +0000] "GET /solr/select?f.manu_exact.facet.mincount=1&facet.field=manu_exact&f.cat.facet.mincount=1&facet.field=cat&facet=true&spellcheck=true&sort=random_1680133021+asc&rows=5&start=5&q=*%3a*&? HTTP/1.1" 200 4353 
0:0:0:0:0:0:0:1 -  -  [16/04/2013:14:34:48 +0000] "GET /solr/select?f.manu_exact.facet.mincount=1&facet.field=manu_exact&f.cat.facet.mincount=1&facet.field=cat&facet=true&spellcheck=true&sort=random_1680133021+asc&rows=5&start=10&q=*%3a*&? HTTP/1.1" 200 4453 
0:0:0:0:0:0:0:1 -  -  [16/04/2013:14:34:51 +0000] "GET /solr/select?f.manu_exact.facet.mincount=1&facet.field=manu_exact&facet=true&spellcheck=true&fq=cat%3aelectronics&sort=random_1680133021+asc&rows=5&start=0&q=*%3a*&? HTTP/1.1" 200 4285 
0:0:0:0:0:0:0:1 -  -  [16/04/2013:14:34:54 +0000] "GET /solr/select?f.manu_exact.facet.mincount=1&facet.field=manu_exact&facet=true&spellcheck=true&fq=cat%3aelectronics&sort=random_1680133021+asc&rows=5&start=5&q=*%3a*&? HTTP/1.1" 200 4073 
0:0:0:0:0:0:0:1 -  -  [16/04/2013:14:34:55 +0000] "GET /solr/select?f.manu_exact.facet.mincount=1&facet.field=manu_exact&facet=true&spellcheck=true&fq=cat%3aelectronics&sort=random_1680133021+asc&rows=5&start=10&q=*%3a*&? HTTP/1.1" 200 2999 
0:0:0:0:0:0:0:1 -  -  [16/04/2013:14:34:56 +0000] "GET /solr/select?f.manu_exact.facet.mincount=1&facet.field=manu_exact&facet=true&spellcheck=true&fq=cat%3aelectronics&sort=random_1680133021+asc&rows=5&start=0&q=*%3a*&? HTTP/1.1" 200 4285 
0:0:0:0:0:0:0:1 -  -  [16/04/2013:14:35:00 +0000] "GET /solr/select?spellcheck=true&fq=manu_exact%3aBelkin&fq=cat%3aelectronics&sort=random_1680133021+asc&rows=5&start=0&q=*%3a*&? HTTP/1.1" 200 1353 
0:0:0:0:0:0:0:1 -  -  [16/04/2013:14:35:03 +0000] "GET /solr/select?f.cat.facet.mincount=1&facet.field=cat&facet=true&spellcheck=true&fq=manu_exact%3aBelkin&sort=random_1680133021+asc&rows=5&start=0&q=*%3a*&? HTTP/1.1" 200 1613 
0:0:0:0:0:0:0:1 -  -  [16/04/2013:14:35:05 +0000] "GET /solr/select?spellcheck=true&fq=cat%3aelectronics&fq=manu_exact%3aBelkin&sort=random_1680133021+asc&rows=5&start=0&q=*%3a*&? HTTP/1.1" 200 1354 
0:0:0:0:0:0:0:1 -  -  [16/04/2013:14:35:07 +0000] "GET /solr/select?f.manu_exact.facet.mincount=1&facet.field=manu_exact&facet=true&spellcheck=true&fq=cat%3aelectronics&sort=random_1680133021+asc&rows=5&start=0&q=*%3a*&? HTTP/1.1" 200 4285 
0:0:0:0:0:0:0:1 -  -  [16/04/2013:14:35:11 +0000] "GET /solr/select?spellcheck=true&fq=manu_exact%3a%22Corsair+Microsystems+Inc.%22&fq=cat%3aelectronics&sort=random_1680133021+asc&rows=5&start=0&q=*%3a*&? HTTP/1.1" 200 1449 
0:0:0:0:0:0:0:1 -  -  [16/04/2013:14:35:13 +0000] "GET /solr/select?f.cat.facet.mincount=1&facet.field=cat&facet=true&spellcheck=true&fq=manu_exact%3a%22Corsair+Microsystems+Inc.%22&sort=random_1680133021+asc&rows=5&start=0&q=*%3a*&? HTTP/1.1" 200 1705 
0:0:0:0:0:0:0:1 -  -  [16/04/2013:14:35:15 +0000] "GET /solr/select?f.manu_exact.facet.mincount=1&facet.field=manu_exact&f.cat.facet.mincount=1&facet.field=cat&facet=true&spellcheck=true&sort=random_1680133021+asc&rows=5&start=0&q=*%3a*&? HTTP/1.1" 200 5093 
0:0:0:0:0:0:0:1 -  -  [16/04/2013:14:35:18 +0000] "GET /solr/select?f.manu_exact.facet.mincount=1&facet.field=manu_exact&facet=true&spellcheck=true&fq=cat%3aconnector&sort=random_1680133021+asc&rows=5&start=0&q=*%3a*&? HTTP/1.1" 200 1596 
0:0:0:0:0:0:0:1 -  -  [16/04/2013:14:35:20 +0000] "GET /solr/select?f.manu_exact.facet.mincount=1&facet.field=manu_exact&f.cat.facet.mincount=1&facet.field=cat&facet=true&spellcheck=true&sort=random_1680133021+asc&rows=5&start=0&q=*%3a*&? HTTP/1.1" 200 5093 
0:0:0:0:0:0:0:1 -  -  [16/04/2013:14:35:23 +0000] "GET /solr/select?f.cat.facet.mincount=1&facet.field=cat&facet=true&spellcheck=true&fq=manu_exact%3a%22ASUS+Computer+Inc.%22&sort=random_1680133021+asc&rows=5&start=0&q=*%3a*&? HTTP/1.1" 200 1416 
0:0:0:0:0:0:0:1 -  -  [16/04/2013:14:35:26 +0000] "GET /solr/select?spellcheck=true&fq=cat%3aelectronics&fq=manu_exact%3a%22ASUS+Computer+Inc.%22&sort=random_1680133021+asc&rows=5&start=0&q=*%3a*&? HTTP/1.1" 200 1134 
0:0:0:0:0:0:0:1 -  -  [16/04/2013:14:35:28 +0000] "GET /solr/select?f.cat.facet.mincount=1&facet.field=cat&facet=true&spellcheck=true&fq=manu_exact%3a%22ASUS+Computer+Inc.%22&sort=random_1680133021+asc&rows=5&start=0&q=*%3a*&? HTTP/1.1" 200 1416 
0:0:0:0:0:0:0:1 -  -  [16/04/2013:14:35:29 +0000] "GET /solr/select?spellcheck=true&fq=cat%3agraphics&fq=manu_exact%3a%22ASUS+Computer+Inc.%22&sort=random_1680133021+asc&rows=5&start=0&q=*%3a*&? HTTP/1.1" 200 1130 
0:0:0:0:0:0:0:1 -  -  [16/04/2013:14:35:31 +0000] "GET /solr/select?f.cat.facet.mincount=1&facet.field=cat&facet=true&spellcheck=true&fq=manu_exact%3a%22ASUS+Computer+Inc.%22&sort=random_1680133021+asc&rows=5&start=0&q=*%3a*&? HTTP/1.1" 200 1416 
0:0:0:0:0:0:0:1 -  -  [16/04/2013:14:35:32 +0000] "GET /solr/select?f.cat.facet.mincount=1&facet.field=cat&facet=true&spellcheck=true&fq=manu_exact%3a%22ASUS+Computer+Inc.%22&sort=random_1680133021+asc&rows=10&start=0&q=*%3a*&? HTTP/1.1" 200 1417 
0:0:0:0:0:0:0:1 -  -  [16/04/2013:14:55:50 +0000] "GET /solr HTTP/1.1" 302 0 
0:0:0:0:0:0:0:1 -  -  [16/04/2013:14:55:50 +0000] "GET /solr/ HTTP/1.1" 200 446 
0:0:0:0:0:0:0:1 -  -  [16/04/2013:14:56:02 +0000] "GET /solr/ HTTP/1.1" 200 446 
0:0:0:0:0:0:0:1 -  -  [16/04/2013:14:56:02 +0000] "GET /solr/solr-admin.css HTTP/1.1" 404 1396 
0:0:0:0:0:0:0:1 -  -  [16/04/2013:14:56:02 +0000] "GET /solr/admin/solr_small.png HTTP/1.1" 200 7926 
0:0:0:0:0:0:0:1 -  -  [16/04/2013:14:56:02 +0000] "GET /solr/favicon.ico HTTP/1.1" 200 1146 
0:0:0:0:0:0:0:1 -  -  [16/04/2013:14:56:04 +0000] "GET /solr/admin/ HTTP/1.1" 200 3810 
0:0:0:0:0:0:0:1 -  -  [16/04/2013:14:56:05 +0000] "GET /solr/admin/solr-admin.css HTTP/1.1" 200 3846 
0:0:0:0:0:0:0:1 -  -  [16/04/2013:14:56:05 +0000] "GET /solr/admin/favicon.ico HTTP/1.1" 200 1146 
0:0:0:0:0:0:0:1 -  -  [16/04/2013:15:06:54 +0000] "POST /solr/update HTTP/1.1" 200 150 
0:0:0:0:0:0:0:1 -  -  [16/04/2013:15:06:56 +0000] "POST /solr/update HTTP/1.1" 200 148 
0:0:0:0:0:0:0:1 -  -  [16/04/2013:15:06:56 +0000] "POST /solr/update HTTP/1.1" 200 147 
0:0:0:0:0:0:0:1 -  -  [16/04/2013:15:06:56 +0000] "POST /solr/update HTTP/1.1" 200 148 
0:0:0:0:0:0:0:1 -  -  [16/04/2013:15:06:56 +0000] "POST /solr/update HTTP/1.1" 200 147 
0:0:0:0:0:0:0:1 -  -  [16/04/2013:15:06:56 +0000] "POST /solr/update HTTP/1.1" 200 147 
0:0:0:0:0:0:0:1 -  -  [16/04/2013:15:06:56 +0000] "POST /solr/update HTTP/1.1" 200 147 
0:0:0:0:0:0:0:1 -  -  [16/04/2013:15:06:56 +0000] "POST /solr/update HTTP/1.1" 200 147 
0:0:0:0:0:0:0:1 -  -  [16/04/2013:15:06:56 +0000] "POST /solr/update HTTP/1.1" 200 147 
0:0:0:0:0:0:0:1 -  -  [16/04/2013:15:06:56 +0000] "POST /solr/update HTTP/1.1" 200 148 
0:0:0:0:0:0:0:1 -  -  [16/04/2013:15:06:56 +0000] "POST /solr/update HTTP/1.1" 200 147 
0:0:0:0:0:0:0:1 -  -  [16/04/2013:15:06:56 +0000] "POST /solr/update HTTP/1.1" 200 147 
0:0:0:0:0:0:0:1 -  -  [16/04/2013:15:06:57 +0000] "POST /solr/update HTTP/1.1" 200 150 
0:0:0:0:0:0:0:1 -  -  [16/04/2013:15:06:58 +0000] "GET /solr/select?spellcheck.build=true&spellcheck=true&rows=0&q=*%3a*&? HTTP/1.1" 200 389 
0:0:0:0:0:0:0:1 -  -  [16/04/2013:15:08:34 +0000] "POST /solr/update HTTP/1.1" 200 148 
0:0:0:0:0:0:0:1 -  -  [16/04/2013:15:08:35 +0000] "POST /solr/update HTTP/1.1" 200 147 
0:0:0:0:0:0:0:1 -  -  [16/04/2013:15:08:35 +0000] "POST /solr/update HTTP/1.1" 200 147 
0:0:0:0:0:0:0:1 -  -  [16/04/2013:15:08:35 +0000] "POST /solr/update HTTP/1.1" 200 147 
0:0:0:0:0:0:0:1 -  -  [16/04/2013:15:08:35 +0000] "POST /solr/update HTTP/1.1" 200 147 
0:0:0:0:0:0:0:1 -  -  [16/04/2013:15:08:35 +0000] "POST /solr/update HTTP/1.1" 200 147 
0:0:0:0:0:0:0:1 -  -  [16/04/2013:15:08:35 +0000] "POST /solr/update HTTP/1.1" 200 147 
0:0:0:0:0:0:0:1 -  -  [16/04/2013:15:08:35 +0000] "POST /solr/update HTTP/1.1" 200 147 
0:0:0:0:0:0:0:1 -  -  [16/04/2013:15:08:35 +0000] "POST /solr/update HTTP/1.1" 200 147 
0:0:0:0:0:0:0:1 -  -  [16/04/2013:15:08:35 +0000] "POST /solr/update HTTP/1.1" 200 147 
0:0:0:0:0:0:0:1 -  -  [16/04/2013:15:08:35 +0000] "POST /solr/update HTTP/1.1" 200 147 
0:0:0:0:0:0:0:1 -  -  [16/04/2013:15:08:35 +0000] "POST /solr/update HTTP/1.1" 200 147 
0:0:0:0:0:0:0:1 -  -  [16/04/2013:15:08:35 +0000] "POST /solr/update HTTP/1.1" 200 149 
0:0:0:0:0:0:0:1 -  -  [16/04/2013:15:08:35 +0000] "GET /solr/select?spellcheck.build=true&spellcheck=true&rows=0&q=*%3a*&? HTTP/1.1" 200 388 
0:0:0:0:0:0:0:1 -  -  [16/04/2013:15:08:37 +0000] "GET /solr/select?f.manu_exact.facet.mincount=1&facet.field=manu_exact&f.cat.facet.mincount=1&facet.field=cat&facet=true&spellcheck=true&rows=5&start=0&q=*%3a*&? HTTP/1.1" 200 4470 
0:0:0:0:0:0:0:1 -  -  [16/04/2013:15:08:52 +0000] "GET /solr/select?f.cat.facet.mincount=1&facet.field=cat&facet=true&spellcheck=true&fq=manu_exact%3a%22Corsair+Microsystems+Inc.%22&rows=5&start=0&q=*%3a*&? HTTP/1.1" 200 1661 
0:0:0:0:0:0:0:1 -  -  [16/04/2013:15:08:54 +0000] "GET /solr/select?spellcheck=true&fq=cat%3amemory&fq=manu_exact%3a%22Corsair+Microsystems+Inc.%22&rows=5&start=0&q=*%3a*&? HTTP/1.1" 200 1399 
0:0:0:0:0:0:0:1 -  -  [16/04/2013:15:08:55 +0000] "GET /solr/select?f.cat.facet.mincount=1&facet.field=cat&facet=true&spellcheck=true&fq=manu_exact%3a%22Corsair+Microsystems+Inc.%22&rows=5&start=0&q=*%3a*&? HTTP/1.1" 200 1661 
0:0:0:0:0:0:0:1 -  -  [16/04/2013:15:08:56 +0000] "GET /solr/select?f.manu_exact.facet.mincount=1&facet.field=manu_exact&f.cat.facet.mincount=1&facet.field=cat&facet=true&spellcheck=true&rows=5&start=0&q=*%3a*&? HTTP/1.1" 200 4469 
0:0:0:0:0:0:0:1 -  -  [16/04/2013:15:08:58 +0000] "GET /solr/select?f.cat.facet.mincount=1&facet.field=cat&facet=true&spellcheck=true&fq=manu_exact%3a%22Dell%2c+Inc.%22&rows=5&start=0&q=*%3a*&? HTTP/1.1" 200 1207 
0:0:0:0:0:0:0:1 -  -  [16/04/2013:15:10:02 +0000] "GET /solr/select?f.manu_exact.facet.mincount=1&facet.field=manu_exact&f.cat.facet.mincount=1&facet.field=cat&facet=true&spellcheck=true&rows=5&start=0&q=*%3a*&? HTTP/1.1" 200 4469 
0:0:0:0:0:0:0:1 -  -  [16/04/2013:15:10:04 +0000] "GET /solr/select?f.cat.facet.mincount=1&facet.field=cat&facet=true&spellcheck=true&fq=manu_exact%3a%22A%5c-DATA+Technology+Inc.%22&rows=5&start=0&q=*%3a*&? HTTP/1.1" 200 1129 
0:0:0:0:0:0:0:1 -  -  [16/04/2013:15:10:08 +0000] "GET /solr/select?f.cat.facet.mincount=1&facet.field=cat&facet=true&spellcheck=true&fq=manu_exact%3a%22A%5c-DATA+Technology+Inc.%22&rows=10&start=0&q=*%3a*&? HTTP/1.1" 200 1130 
0:0:0:0:0:0:0:1 -  -  [16/04/2013:15:35:18 +0000] "GET /solr HTTP/1.1" 302 0 
0:0:0:0:0:0:0:1 -  -  [16/04/2013:15:35:18 +0000] "GET /solr/ HTTP/1.1" 200 446 
0:0:0:0:0:0:0:1 -  -  [16/04/2013:15:35:18 +0000] "GET /solr/ HTTP/1.1" 200 446 
0:0:0:0:0:0:0:1 -  -  [16/04/2013:15:35:19 +0000] "GET /solr/solr-admin.css HTTP/1.1" 404 1396 
0:0:0:0:0:0:0:1 -  -  [16/04/2013:15:35:21 +0000] "GET /solr/admin/ HTTP/1.1" 200 3810 
0:0:0:0:0:0:0:1 -  -  [16/04/2013:15:35:24 +0000] "GET /solr/admin/file/?file=schema.xml HTTP/1.1" 200 29304 
0:0:0:0:0:0:0:1 -  -  [16/04/2013:15:35:24 +0000] "GET /favicon.ico HTTP/1.1" 200 1150 
0:0:0:0:0:0:0:1 -  -  [16/04/2013:15:35:29 +0000] "GET /solr/admin/file/?file=solrconfig.xml HTTP/1.1" 200 38745 
0:0:0:0:0:0:0:1 -  -  [16/04/2013:15:35:41 +0000] "GET /solr/admin/form.jsp HTTP/1.1" 200 3027 
0:0:0:0:0:0:0:1 -  -  [16/04/2013:15:50:30 +0000] "GET /solr/admin/ HTTP/1.1" 200 3810 
0:0:0:0:0:0:0:1 -  -  [16/04/2013:15:50:30 +0000] "GET /solr/admin/solr-admin.css HTTP/1.1" 304 0 
0:0:0:0:0:0:0:1 -  -  [16/04/2013:15:50:30 +0000] "GET /solr/admin/solr_small.png HTTP/1.1" 304 0 
0:0:0:0:0:0:0:1 -  -  [16/04/2013:15:50:33 +0000] "GET /solr/admin/file/?file=schema.xml HTTP/1.1" 200 29304 
0:0:0:0:0:0:0:1 -  -  [16/04/2013:15:51:34 +0000] "POST /solr/update?version=2.2 HTTP/1.1" 200 149 
0:0:0:0:0:0:0:1 -  -  [16/04/2013:15:51:35 +0000] "POST /solr/update?version=2.2 HTTP/1.1" 200 149 
0:0:0:0:0:0:0:1 -  -  [16/04/2013:15:51:35 +0000] "POST /solr/update?version=2.2 HTTP/1.1" 200 147 
0:0:0:0:0:0:0:1 -  -  [16/04/2013:15:51:35 +0000] "POST /solr/update?version=2.2 HTTP/1.1" 200 148 
0:0:0:0:0:0:0:1 -  -  [16/04/2013:15:51:35 +0000] "POST /solr/update?version=2.2 HTTP/1.1" 200 148 
0:0:0:0:0:0:0:1 -  -  [16/04/2013:15:51:35 +0000] "POST /solr/update?version=2.2 HTTP/1.1" 200 147 
0:0:0:0:0:0:0:1 -  -  [16/04/2013:15:51:35 +0000] "POST /solr/update?version=2.2 HTTP/1.1" 200 147 
0:0:0:0:0:0:0:1 -  -  [16/04/2013:15:51:35 +0000] "POST /solr/update?version=2.2 HTTP/1.1" 200 147 
0:0:0:0:0:0:0:1 -  -  [16/04/2013:15:51:35 +0000] "POST /solr/update?version=2.2 HTTP/1.1" 200 147 
0:0:0:0:0:0:0:1 -  -  [16/04/2013:15:51:35 +0000] "POST /solr/update?version=2.2 HTTP/1.1" 200 148 
0:0:0:0:0:0:0:1 -  -  [16/04/2013:15:51:35 +0000] "POST /solr/update?version=2.2 HTTP/1.1" 200 147 
0:0:0:0:0:0:0:1 -  -  [16/04/2013:15:51:36 +0000] "POST /solr/update?version=2.2 HTTP/1.1" 200 147 
0:0:0:0:0:0:0:1 -  -  [16/04/2013:15:51:36 +0000] "POST /solr/update?version=2.2 HTTP/1.1" 200 149 
0:0:0:0:0:0:0:1 -  -  [16/04/2013:15:51:36 +0000] "GET /solr/select?q=*%3a*&rows=0&spellcheck=true&spellcheck.build=true&version=2.2 HTTP/1.1" 200 402 
0:0:0:0:0:0:0:1 -  -  [16/04/2013:15:51:42 +0000] "GET /solr/select?q=*%3a*&start=0&rows=5&facet=true&facet.field=cat&f.cat.facet.mincount=1&facet.field=manu_exact&f.manu_exact.facet.mincount=1&spellcheck=true&version=2.2 HTTP/1.1" 200 4484 
0:0:0:0:0:0:0:1 -  -  [16/04/2013:15:52:56 +0000] "POST /solr/update?version=2.2 HTTP/1.1" 200 148 
0:0:0:0:0:0:0:1 -  -  [16/04/2013:15:52:56 +0000] "POST /solr/update?version=2.2 HTTP/1.1" 200 147 
0:0:0:0:0:0:0:1 -  -  [16/04/2013:15:52:56 +0000] "POST /solr/update?version=2.2 HTTP/1.1" 200 147 
0:0:0:0:0:0:0:1 -  -  [16/04/2013:15:52:56 +0000] "POST /solr/update?version=2.2 HTTP/1.1" 200 147 
0:0:0:0:0:0:0:1 -  -  [16/04/2013:15:52:56 +0000] "POST /solr/update?version=2.2 HTTP/1.1" 200 147 
0:0:0:0:0:0:0:1 -  -  [16/04/2013:15:52:56 +0000] "POST /solr/update?version=2.2 HTTP/1.1" 200 147 
0:0:0:0:0:0:0:1 -  -  [16/04/2013:15:52:56 +0000] "POST /solr/update?version=2.2 HTTP/1.1" 200 147 
0:0:0:0:0:0:0:1 -  -  [16/04/2013:15:52:56 +0000] "POST /solr/update?version=2.2 HTTP/1.1" 200 147 
0:0:0:0:0:0:0:1 -  -  [16/04/2013:15:52:56 +0000] "POST /solr/update?version=2.2 HTTP/1.1" 200 147 
0:0:0:0:0:0:0:1 -  -  [16/04/2013:15:52:56 +0000] "POST /solr/update?version=2.2 HTTP/1.1" 200 147 
0:0:0:0:0:0:0:1 -  -  [16/04/2013:15:52:56 +0000] "POST /solr/update?version=2.2 HTTP/1.1" 200 147 
0:0:0:0:0:0:0:1 -  -  [16/04/2013:15:52:56 +0000] "POST /solr/update?version=2.2 HTTP/1.1" 200 147 
0:0:0:0:0:0:0:1 -  -  [16/04/2013:15:52:56 +0000] "POST /solr/update?version=2.2 HTTP/1.1" 200 148 
0:0:0:0:0:0:0:1 -  -  [16/04/2013:15:52:56 +0000] "GET /solr/select?q=*%3a*&rows=0&spellcheck=true&spellcheck.build=true&version=2.2 HTTP/1.1" 200 402 
0:0:0:0:0:0:0:1 -  -  [16/04/2013:15:52:57 +0000] "GET /solr/select?q=*%3a*&start=0&rows=5&facet=true&facet.field=cat&f.cat.facet.mincount=1&facet.field=manu_exact&f.manu_exact.facet.mincount=1&spellcheck=true&version=2.2 HTTP/1.1" 200 4483 
0:0:0:0:0:0:0:1 -  -  [16/04/2013:15:53:08 +0000] "GET /solr/select?q=*%3a*&start=0&rows=5&facet=true&facet.field=cat&f.cat.facet.mincount=1&facet.field=manu_exact&f.manu_exact.facet.mincount=1&spellcheck=true&version=2.2 HTTP/1.1" 200 4483 
0:0:0:0:0:0:0:1 -  -  [16/04/2013:15:53:27 +0000] "POST /solr/update?version=2.2 HTTP/1.1" 200 148 
0:0:0:0:0:0:0:1 -  -  [16/04/2013:15:53:27 +0000] "POST /solr/update?version=2.2 HTTP/1.1" 200 147 
0:0:0:0:0:0:0:1 -  -  [16/04/2013:15:53:27 +0000] "POST /solr/update?version=2.2 HTTP/1.1" 200 147 
0:0:0:0:0:0:0:1 -  -  [16/04/2013:15:53:27 +0000] "POST /solr/update?version=2.2 HTTP/1.1" 200 147 
0:0:0:0:0:0:0:1 -  -  [16/04/2013:15:53:27 +0000] "POST /solr/update?version=2.2 HTTP/1.1" 200 147 
0:0:0:0:0:0:0:1 -  -  [16/04/2013:15:53:27 +0000] "POST /solr/update?version=2.2 HTTP/1.1" 200 147 
0:0:0:0:0:0:0:1 -  -  [16/04/2013:15:53:27 +0000] "POST /solr/update?version=2.2 HTTP/1.1" 200 147 
0:0:0:0:0:0:0:1 -  -  [16/04/2013:15:53:27 +0000] "POST /solr/update?version=2.2 HTTP/1.1" 200 147 
0:0:0:0:0:0:0:1 -  -  [16/04/2013:15:53:27 +0000] "POST /solr/update?version=2.2 HTTP/1.1" 200 147 
0:0:0:0:0:0:0:1 -  -  [16/04/2013:15:53:27 +0000] "POST /solr/update?version=2.2 HTTP/1.1" 200 147 
0:0:0:0:0:0:0:1 -  -  [16/04/2013:15:53:27 +0000] "POST /solr/update?version=2.2 HTTP/1.1" 200 147 
0:0:0:0:0:0:0:1 -  -  [16/04/2013:15:53:27 +0000] "POST /solr/update?version=2.2 HTTP/1.1" 200 147 
0:0:0:0:0:0:0:1 -  -  [16/04/2013:15:53:27 +0000] "POST /solr/update?version=2.2 HTTP/1.1" 200 148 
0:0:0:0:0:0:0:1 -  -  [16/04/2013:15:53:27 +0000] "GET /solr/select?q=*%3a*&rows=0&spellcheck=true&spellcheck.build=true&version=2.2 HTTP/1.1" 200 402 
0:0:0:0:0:0:0:1 -  -  [16/04/2013:15:53:28 +0000] "GET /solr/select?q=*%3a*&start=0&rows=5&facet=true&facet.field=cat&f.cat.facet.mincount=1&facet.field=manu_exact&f.manu_exact.facet.mincount=1&spellcheck=true&version=2.2 HTTP/1.1" 200 4483 
0:0:0:0:0:0:0:1 -  -  [16/04/2013:15:55:05 +0000] "POST /solr/update?version=2.2 HTTP/1.1" 200 148 
0:0:0:0:0:0:0:1 -  -  [16/04/2013:15:55:05 +0000] "POST /solr/update?version=2.2 HTTP/1.1" 200 147 
0:0:0:0:0:0:0:1 -  -  [16/04/2013:15:55:05 +0000] "POST /solr/update?version=2.2 HTTP/1.1" 200 147 
0:0:0:0:0:0:0:1 -  -  [16/04/2013:15:55:05 +0000] "POST /solr/update?version=2.2 HTTP/1.1" 200 147 
0:0:0:0:0:0:0:1 -  -  [16/04/2013:15:55:05 +0000] "POST /solr/update?version=2.2 HTTP/1.1" 200 147 
0:0:0:0:0:0:0:1 -  -  [16/04/2013:15:55:05 +0000] "POST /solr/update?version=2.2 HTTP/1.1" 200 147 
0:0:0:0:0:0:0:1 -  -  [16/04/2013:15:55:05 +0000] "POST /solr/update?version=2.2 HTTP/1.1" 200 147 
0:0:0:0:0:0:0:1 -  -  [16/04/2013:15:55:05 +0000] "POST /solr/update?version=2.2 HTTP/1.1" 200 147 
0:0:0:0:0:0:0:1 -  -  [16/04/2013:15:55:05 +0000] "POST /solr/update?version=2.2 HTTP/1.1" 200 147 
0:0:0:0:0:0:0:1 -  -  [16/04/2013:15:55:05 +0000] "POST /solr/update?version=2.2 HTTP/1.1" 200 147 
0:0:0:0:0:0:0:1 -  -  [16/04/2013:15:55:05 +0000] "POST /solr/update?version=2.2 HTTP/1.1" 200 147 
0:0:0:0:0:0:0:1 -  -  [16/04/2013:15:55:05 +0000] "POST /solr/update?version=2.2 HTTP/1.1" 200 147 
0:0:0:0:0:0:0:1 -  -  [16/04/2013:15:55:05 +0000] "POST /solr/update?version=2.2 HTTP/1.1" 200 148 
0:0:0:0:0:0:0:1 -  -  [16/04/2013:15:55:05 +0000] "GET /solr/select?q=*%3a*&rows=0&spellcheck=true&spellcheck.build=true&version=2.2 HTTP/1.1" 200 401 
0:0:0:0:0:0:0:1 -  -  [16/04/2013:15:55:31 +0000] "GET /solr/select?q=*%3a*&start=0&rows=5&facet=true&facet.field=cat&f.cat.facet.mincount=1&facet.field=manu_exact&f.manu_exact.facet.mincount=1&spellcheck=true&version=2.2 HTTP/1.1" 200 4482 
0:0:0:0:0:0:0:1 -  -  [16/04/2013:15:56:19 +0000] "POST /solr/update?version=2.2 HTTP/1.1" 200 148 
0:0:0:0:0:0:0:1 -  -  [16/04/2013:15:56:19 +0000] "POST /solr/update?version=2.2 HTTP/1.1" 200 147 
0:0:0:0:0:0:0:1 -  -  [16/04/2013:15:56:19 +0000] "POST /solr/update?version=2.2 HTTP/1.1" 200 147 
0:0:0:0:0:0:0:1 -  -  [16/04/2013:15:56:19 +0000] "POST /solr/update?version=2.2 HTTP/1.1" 200 147 
0:0:0:0:0:0:0:1 -  -  [16/04/2013:15:56:19 +0000] "POST /solr/update?version=2.2 HTTP/1.1" 200 147 
0:0:0:0:0:0:0:1 -  -  [16/04/2013:15:56:19 +0000] "POST /solr/update?version=2.2 HTTP/1.1" 200 147 
0:0:0:0:0:0:0:1 -  -  [16/04/2013:15:56:19 +0000] "POST /solr/update?version=2.2 HTTP/1.1" 200 147 
0:0:0:0:0:0:0:1 -  -  [16/04/2013:15:56:19 +0000] "POST /solr/update?version=2.2 HTTP/1.1" 200 147 
0:0:0:0:0:0:0:1 -  -  [16/04/2013:15:56:19 +0000] "POST /solr/update?version=2.2 HTTP/1.1" 200 147 
0:0:0:0:0:0:0:1 -  -  [16/04/2013:15:56:19 +0000] "POST /solr/update?version=2.2 HTTP/1.1" 200 147 
0:0:0:0:0:0:0:1 -  -  [16/04/2013:15:56:19 +0000] "POST /solr/update?version=2.2 HTTP/1.1" 200 147 
0:0:0:0:0:0:0:1 -  -  [16/04/2013:15:56:19 +0000] "POST /solr/update?version=2.2 HTTP/1.1" 200 147 
0:0:0:0:0:0:0:1 -  -  [16/04/2013:15:56:19 +0000] "POST /solr/update?version=2.2 HTTP/1.1" 200 148 
0:0:0:0:0:0:0:1 -  -  [16/04/2013:15:56:20 +0000] "GET /solr/select?q=*%3a*&rows=0&spellcheck=true&spellcheck.build=true&version=2.2 HTTP/1.1" 200 401 
0:0:0:0:0:0:0:1 -  -  [16/04/2013:15:56:26 +0000] "GET /solr/select?q=*%3a*&start=0&rows=5&facet=true&facet.field=cat&f.cat.facet.mincount=1&facet.field=manu_exact&f.manu_exact.facet.mincount=1&spellcheck=true&version=2.2 HTTP/1.1" 200 4483 
0:0:0:0:0:0:0:1 -  -  [16/04/2013:15:58:48 +0000] "POST /solr/update?version=2.2 HTTP/1.1" 200 148 
0:0:0:0:0:0:0:1 -  -  [16/04/2013:15:58:48 +0000] "POST /solr/update?version=2.2 HTTP/1.1" 200 147 
0:0:0:0:0:0:0:1 -  -  [16/04/2013:15:58:48 +0000] "POST /solr/update?version=2.2 HTTP/1.1" 200 147 
0:0:0:0:0:0:0:1 -  -  [16/04/2013:15:58:48 +0000] "POST /solr/update?version=2.2 HTTP/1.1" 200 147 
0:0:0:0:0:0:0:1 -  -  [16/04/2013:15:58:48 +0000] "POST /solr/update?version=2.2 HTTP/1.1" 200 147 
0:0:0:0:0:0:0:1 -  -  [16/04/2013:15:58:48 +0000] "POST /solr/update?version=2.2 HTTP/1.1" 200 147 
0:0:0:0:0:0:0:1 -  -  [16/04/2013:15:58:48 +0000] "POST /solr/update?version=2.2 HTTP/1.1" 200 147 
0:0:0:0:0:0:0:1 -  -  [16/04/2013:15:58:48 +0000] "POST /solr/update?version=2.2 HTTP/1.1" 200 147 
0:0:0:0:0:0:0:1 -  -  [16/04/2013:15:58:48 +0000] "POST /solr/update?version=2.2 HTTP/1.1" 200 147 
0:0:0:0:0:0:0:1 -  -  [16/04/2013:15:58:48 +0000] "POST /solr/update?version=2.2 HTTP/1.1" 200 147 
0:0:0:0:0:0:0:1 -  -  [16/04/2013:15:58:48 +0000] "POST /solr/update?version=2.2 HTTP/1.1" 200 147 
0:0:0:0:0:0:0:1 -  -  [16/04/2013:15:58:48 +0000] "POST /solr/update?version=2.2 HTTP/1.1" 200 147 
0:0:0:0:0:0:0:1 -  -  [16/04/2013:15:58:48 +0000] "POST /solr/update?version=2.2 HTTP/1.1" 200 149 
0:0:0:0:0:0:0:1 -  -  [16/04/2013:15:58:49 +0000] "GET /solr/select?q=*%3a*&rows=0&spellcheck=true&spellcheck.build=true&version=2.2 HTTP/1.1" 200 402 
0:0:0:0:0:0:0:1 -  -  [16/04/2013:15:58:59 +0000] "GET /solr/select?q=*%3a*&start=0&rows=5&facet=true&facet.field=cat&f.cat.facet.mincount=1&facet.field=manu_exact&f.manu_exact.facet.mincount=1&spellcheck=true&version=2.2 HTTP/1.1" 200 4483 
0:0:0:0:0:0:0:1 -  -  [16/04/2013:15:59:38 +0000] "GET /solr/select?q=*%3a*&start=10&rows=5&facet=true&facet.field=cat&f.cat.facet.mincount=1&facet.field=manu_exact&f.manu_exact.facet.mincount=1&spellcheck=true&version=2.2 HTTP/1.1" 200 5211 
0:0:0:0:0:0:0:1 -  -  [16/04/2013:15:59:41 +0000] "GET /solr/select?q=*%3a*&start=15&rows=5&facet=true&facet.field=cat&f.cat.facet.mincount=1&facet.field=manu_exact&f.manu_exact.facet.mincount=1&spellcheck=true&version=2.2 HTTP/1.1" 200 2224 
0:0:0:0:0:0:0:1 -  -  [16/04/2013:15:59:43 +0000] "GET /solr/select?q=*%3a*&start=0&rows=5&fq=cat%3a(%22graphics+card%22)&facet=true&facet.field=manu_exact&f.manu_exact.facet.mincount=1&spellcheck=true&version=2.2 HTTP/1.1" 200 2023 
0:0:0:0:0:0:0:1 -  -  [16/04/2013:20:55:28 +0000] "GET /solr HTTP/1.1" 302 0 
0:0:0:0:0:0:0:1 -  -  [16/04/2013:20:55:28 +0000] "GET /solr/ HTTP/1.1" 200 446 
0:0:0:0:0:0:0:1 -  -  [16/04/2013:20:58:11 +0000] "POST /solr/update HTTP/1.1" 200 150 
0:0:0:0:0:0:0:1 -  -  [16/04/2013:20:58:13 +0000] "POST /solr/update HTTP/1.1" 200 149 
0:0:0:0:0:0:0:1 -  -  [16/04/2013:20:58:13 +0000] "POST /solr/update HTTP/1.1" 200 147 
0:0:0:0:0:0:0:1 -  -  [16/04/2013:20:58:13 +0000] "POST /solr/update HTTP/1.1" 200 148 
0:0:0:0:0:0:0:1 -  -  [16/04/2013:20:58:13 +0000] "POST /solr/update HTTP/1.1" 200 147 
0:0:0:0:0:0:0:1 -  -  [16/04/2013:20:58:13 +0000] "POST /solr/update HTTP/1.1" 200 147 
0:0:0:0:0:0:0:1 -  -  [16/04/2013:20:58:13 +0000] "POST /solr/update HTTP/1.1" 200 147 
0:0:0:0:0:0:0:1 -  -  [16/04/2013:20:58:13 +0000] "POST /solr/update HTTP/1.1" 200 147 
0:0:0:0:0:0:0:1 -  -  [16/04/2013:20:58:13 +0000] "POST /solr/update HTTP/1.1" 200 147 
0:0:0:0:0:0:0:1 -  -  [16/04/2013:20:58:13 +0000] "POST /solr/update HTTP/1.1" 200 148 
0:0:0:0:0:0:0:1 -  -  [16/04/2013:20:58:14 +0000] "POST /solr/update HTTP/1.1" 200 147 
0:0:0:0:0:0:0:1 -  -  [16/04/2013:20:58:14 +0000] "POST /solr/update HTTP/1.1" 200 147 
0:0:0:0:0:0:0:1 -  -  [16/04/2013:20:58:14 +0000] "POST /solr/update HTTP/1.1" 200 149 
0:0:0:0:0:0:0:1 -  -  [16/04/2013:20:58:15 +0000] "GET /solr/select?spellcheck.build=true&spellcheck=true&rows=0&q=*%3a*&? HTTP/1.1" 200 389 
0:0:0:0:0:0:0:1 -  -  [16/04/2013:20:59:01 +0000] "GET /solr/select?f.manu_exact.facet.mincount=1&facet.field=manu_exact&f.cat.facet.mincount=1&facet.field=cat&facet=true&spellcheck=true&rows=5&start=0&q=*%3a*&? HTTP/1.1" 200 4471 
0:0:0:0:0:0:0:1 -  -  [16/04/2013:21:00:42 +0000] "GET /solr/select?f.cat.facet.mincount=1&facet.field=cat&facet=true&spellcheck=true&fq=manu_exact%3a%22Corsair+Microsystems+Inc.%22&rows=5&start=0&q=*%3a*&? HTTP/1.1" 200 1661 
0:0:0:0:0:0:0:1 -  -  [16/04/2013:21:00:47 +0000] "GET /solr/select?f.manu_exact.facet.mincount=1&facet.field=manu_exact&facet=true&spellcheck=true&fq=cat%3aelectronics&rows=5&start=0&q=*%3a*&? HTTP/1.1" 200 3939 
0:0:0:0:0:0:0:1 -  -  [16/04/2013:21:00:49 +0000] "GET /solr/select?spellcheck=true&fq=manu_exact%3a%22Canon+Inc.%22&fq=cat%3aelectronics&rows=5&start=0&q=*%3a*&? HTTP/1.1" 200 1925 
0:0:0:0:0:0:0:1 -  -  [16/04/2013:21:00:57 +0000] "GET /solr/ HTTP/1.1" 200 446 
0:0:0:0:0:0:0:1 -  -  [16/04/2013:21:00:58 +0000] "GET /solr/solr-admin.css HTTP/1.1" 404 1396 
0:0:0:0:0:0:0:1 -  -  [16/04/2013:21:00:59 +0000] "GET /solr/admin/ HTTP/1.1" 200 3810 
0:0:0:0:0:0:0:1 -  -  [16/04/2013:21:01:02 +0000] "GET /solr/admin/registry.jsp HTTP/1.1" 200 25876 
0:0:0:0:0:0:0:1 -  -  [16/04/2013:21:01:02 +0000] "GET /solr/admin/registry.xsl HTTP/1.1" 200 7776 
